#
# There is insufficient memory for the Java Runtime Environment to continue.
# Native memory allocation (mmap) failed to map 7733248 bytes for G1 virtual space
# Possible reasons:
#   The system is out of physical RAM or swap space
#   The process is running with CompressedOops enabled, and the Java Heap may be blocking the growth of the native heap
# Possible solutions:
#   Reduce memory load on the system
#   Increase physical memory or swap space
#   Check if swap backing store is full
#   Decrease Java heap size (-Xmx/-Xms)
#   Decrease number of Java threads
#   Decrease Java thread stack sizes (-Xss)
#   Set larger code cache with -XX:ReservedCodeCacheSize=
#   JVM is running with Zero Based Compressed Oops mode in which the Java heap is
#     placed in the first 32GB address space. The Java Heap base address is the
#     maximum limit for the native heap growth. Please use -XX:HeapBaseMinAddress
#     to set the Java Heap base and to place the Java Heap above 32GB virtual address.
# This output file may be truncated or incomplete.
#
#  Out of Memory Error (os_windows.cpp:3535), pid=81088, tid=76224
#
# JRE version: Java(TM) SE Runtime Environment (17.0.4.1+1) (build 17.0.4.1+1-LTS-2)
# Java VM: Java HotSpot(TM) 64-Bit Server VM (17.0.4.1+1-LTS-2, mixed mode, emulated-client, sharing, tiered, compressed oops, compressed class ptrs, g1 gc, windows-amd64)
# No core dump will be written. Minidumps are not enabled by default on client versions of Windows
#

---------------  S U M M A R Y ------------

Command Line: -XX:TieredStopAtLevel=1 -Dspring.output.ansi.enabled=always -Dcom.sun.management.jmxremote -Dspring.jmx.enabled=true -Dspring.liveBeansView.mbeanDomain -Dspring.application.admin.enabled=true -javaagent:D:\IDEA\IntelliJ IDEA 2022.2\lib\idea_rt.jar=59665:D:\IDEA\IntelliJ IDEA 2022.2\bin -Dfile.encoding=UTF-8 com.website.ArticleApplication

Host: AMD Ryzen 5 4600H with Radeon Graphics         , 12 cores, 15G,  Windows 11 , 64 bit Build 22621 (10.0.22621.4391)
Time: Sat Dec 14 06:08:32 2024  Windows 11 , 64 bit Build 22621 (10.0.22621.4391) elapsed time: 401.986942 seconds (0d 0h 6m 41s)

---------------  T H R E A D  ---------------

Current thread (0x000002839e8db6a0):  VMThread "VM Thread" [stack: 0x000000a08b400000,0x000000a08b500000] [id=76224]

Stack: [0x000000a08b400000,0x000000a08b500000]
Native frames: (J=compiled Java code, j=interpreted, Vv=VM code, C=native code)
V  [jvm.dll+0x6723ba]
V  [jvm.dll+0x7d1e34]
V  [jvm.dll+0x7d35de]
V  [jvm.dll+0x7d3c43]
V  [jvm.dll+0x243065]
V  [jvm.dll+0x66f2d9]
V  [jvm.dll+0x663c22]
V  [jvm.dll+0x3011cb]
V  [jvm.dll+0x308766]
V  [jvm.dll+0x358498]
V  [jvm.dll+0x35869f]
V  [jvm.dll+0x2d83e8]
V  [jvm.dll+0x2d66b4]
V  [jvm.dll+0x2d5cbc]
V  [jvm.dll+0x31972b]
V  [jvm.dll+0x7d811b]
V  [jvm.dll+0x7d8e54]
V  [jvm.dll+0x7d936c]
V  [jvm.dll+0x7d9744]
V  [jvm.dll+0x7d9810]
V  [jvm.dll+0x781fca]
V  [jvm.dll+0x671245]
C  [ucrtbase.dll+0x29333]
C  [KERNEL32.DLL+0x1259d]
C  [ntdll.dll+0x5af38]

VM_Operation (0x000000a08ddfb550): G1CollectForAllocation, mode: safepoint, requested by thread 0x00000283a0d218d0


---------------  P R O C E S S  ---------------

Threads class SMR info:
_java_thread_list=0x00000283a34c3ff0, length=34, elements={
0x000002839e8df1c0, 0x000002839e8e0240, 0x000002839f40de30, 0x000002839f40f170,
0x000002839f40e7d0, 0x000002839f40c620, 0x000002839f414110, 0x000002839f414b00,
0x000002839f40e300, 0x000002839f40bc80, 0x000002839f40f640, 0x000002839f40cfc0,
0x000002839f40c150, 0x00000283a0d20f30, 0x00000283a0d1da40, 0x00000283a0d1d570,
0x00000283a0d1e8b0, 0x00000283a0d1c700, 0x00000283a0d1c230, 0x00000283a0d1b890,
0x00000283a0d1df10, 0x00000283a0d1a550, 0x00000283a0d21400, 0x00000283a0d1ed80,
0x00000283a0d218d0, 0x00000283a0d1e3e0, 0x00000283a0d1cbd0, 0x00000283a0d1d0a0,
0x00000283a0d1f250, 0x00000283a0d1bd60, 0x00000283a0d1fbf0, 0x00000283a0d20a60,
0x00000283a0d20590, 0x00000283a10497c0
}

Java Threads: ( => current thread )
  0x000002839e8df1c0 JavaThread "Reference Handler" daemon [_thread_blocked, id=62928, stack(0x000000a08b500000,0x000000a08b600000)]
  0x000002839e8e0240 JavaThread "Finalizer" daemon [_thread_blocked, id=20036, stack(0x000000a08b600000,0x000000a08b700000)]
  0x000002839f40de30 JavaThread "Signal Dispatcher" daemon [_thread_blocked, id=59596, stack(0x000000a08b700000,0x000000a08b800000)]
  0x000002839f40f170 JavaThread "Attach Listener" daemon [_thread_blocked, id=74060, stack(0x000000a08b800000,0x000000a08b900000)]
  0x000002839f40e7d0 JavaThread "Service Thread" daemon [_thread_blocked, id=81864, stack(0x000000a08b900000,0x000000a08ba00000)]
  0x000002839f40c620 JavaThread "Monitor Deflation Thread" daemon [_thread_blocked, id=64404, stack(0x000000a08ba00000,0x000000a08bb00000)]
  0x000002839f414110 JavaThread "C1 CompilerThread0" daemon [_thread_blocked, id=71520, stack(0x000000a08bb00000,0x000000a08bc00000)]
  0x000002839f414b00 JavaThread "Sweeper thread" daemon [_thread_blocked, id=78952, stack(0x000000a08bc00000,0x000000a08bd00000)]
  0x000002839f40e300 JavaThread "Common-Cleaner" daemon [_thread_blocked, id=64468, stack(0x000000a08bd00000,0x000000a08be00000)]
  0x000002839f40bc80 JavaThread "Monitor Ctrl-Break" daemon [_thread_in_native, id=74428, stack(0x000000a08c100000,0x000000a08c200000)]
  0x000002839f40f640 JavaThread "Notification Thread" daemon [_thread_blocked, id=38420, stack(0x000000a08c200000,0x000000a08c300000)]
  0x000002839f40cfc0 JavaThread "RMI TCP Accept-0" daemon [_thread_in_native, id=79940, stack(0x000000a08c300000,0x000000a08c400000)]
  0x000002839f40c150 JavaThread "RMI Scheduler(0)" daemon [_thread_blocked, id=81648, stack(0x000000a08d000000,0x000000a08d100000)]
  0x00000283a0d20f30 JavaThread "Catalina-utility-1" [_thread_blocked, id=68268, stack(0x000000a08d500000,0x000000a08d600000)]
  0x00000283a0d1da40 JavaThread "Catalina-utility-2" [_thread_blocked, id=36108, stack(0x000000a08d600000,0x000000a08d700000)]
  0x00000283a0d1d570 JavaThread "container-0" [_thread_blocked, id=43552, stack(0x000000a08d700000,0x000000a08d800000)]
  0x00000283a0d1e8b0 JavaThread "mysql-cj-abandoned-connection-cleanup" daemon [_thread_blocked, id=77728, stack(0x000000a08d800000,0x000000a08d900000)]
  0x00000283a0d1c700 JavaThread "spring.cloud.inetutils" daemon [_thread_blocked, id=80300, stack(0x000000a08d900000,0x000000a08da00000)]
  0x00000283a0d1c230 JavaThread "http-nio-8082-exec-1" daemon [_thread_blocked, id=58980, stack(0x000000a08bf00000,0x000000a08c000000)]
  0x00000283a0d1b890 JavaThread "http-nio-8082-exec-2" daemon [_thread_blocked, id=81396, stack(0x000000a08ca00000,0x000000a08cb00000)]
  0x00000283a0d1df10 JavaThread "http-nio-8082-exec-3" daemon [_thread_blocked, id=63412, stack(0x000000a08d200000,0x000000a08d300000)]
  0x00000283a0d1a550 JavaThread "http-nio-8082-exec-4" daemon [_thread_blocked, id=70844, stack(0x000000a08da00000,0x000000a08db00000)]
  0x00000283a0d21400 JavaThread "http-nio-8082-exec-5" daemon [_thread_blocked, id=64224, stack(0x000000a08db00000,0x000000a08dc00000)]
  0x00000283a0d1ed80 JavaThread "http-nio-8082-exec-6" daemon [_thread_blocked, id=80744, stack(0x000000a08dc00000,0x000000a08dd00000)]
  0x00000283a0d218d0 JavaThread "http-nio-8082-exec-7" daemon [_thread_blocked, id=34124, stack(0x000000a08dd00000,0x000000a08de00000)]
  0x00000283a0d1e3e0 JavaThread "http-nio-8082-exec-8" daemon [_thread_blocked, id=30448, stack(0x000000a08de00000,0x000000a08df00000)]
  0x00000283a0d1cbd0 JavaThread "http-nio-8082-exec-9" daemon [_thread_blocked, id=79136, stack(0x000000a08df00000,0x000000a08e000000)]
  0x00000283a0d1d0a0 JavaThread "http-nio-8082-exec-10" daemon [_thread_blocked, id=69164, stack(0x000000a08e000000,0x000000a08e100000)]
  0x00000283a0d1f250 JavaThread "http-nio-8082-Poller" daemon [_thread_in_native, id=77748, stack(0x000000a08e100000,0x000000a08e200000)]
  0x00000283a0d1bd60 JavaThread "http-nio-8082-Acceptor" daemon [_thread_in_native, id=79512, stack(0x000000a08e200000,0x000000a08e300000)]
  0x00000283a0d1fbf0 JavaThread "DestroyJavaVM" [_thread_blocked, id=76076, stack(0x000000a08ae00000,0x000000a08af00000)]
  0x00000283a0d20a60 JavaThread "HikariPool-1 housekeeper" daemon [_thread_blocked, id=78868, stack(0x000000a08e600000,0x000000a08e700000)]
  0x00000283a0d20590 JavaThread "Keep-Alive-Timer" daemon [_thread_blocked, id=81760, stack(0x000000a08ad00000,0x000000a08ae00000)]
  0x00000283a10497c0 JavaThread "C1 CompilerThread1" daemon [_thread_blocked, id=81560, stack(0x000000a08ac00000,0x000000a08ad00000)]

Other Threads:
=>0x000002839e8db6a0 VMThread "VM Thread" [stack: 0x000000a08b400000,0x000000a08b500000] [id=76224]
  0x0000028385eb0e50 WatcherThread [stack: 0x000000a08c400000,0x000000a08c500000] [id=67536]
  0x0000028385e90650 GCTaskThread "GC Thread#0" [stack: 0x000000a08af00000,0x000000a08b000000] [id=76964]
  0x000002839fdb4aa0 GCTaskThread "GC Thread#1" [stack: 0x000000a08c500000,0x000000a08c600000] [id=78216]
  0x000002839fe24310 GCTaskThread "GC Thread#2" [stack: 0x000000a08c600000,0x000000a08c700000] [id=68540]
  0x000002839fe24bd0 GCTaskThread "GC Thread#3" [stack: 0x000000a08c700000,0x000000a08c800000] [id=65488]
  0x000002839fe2ee80 GCTaskThread "GC Thread#4" [stack: 0x000000a08c800000,0x000000a08c900000] [id=68012]
  0x000002839fec5870 GCTaskThread "GC Thread#5" [stack: 0x000000a08c900000,0x000000a08ca00000] [id=50928]
  0x000002839fc08d60 GCTaskThread "GC Thread#6" [stack: 0x000000a08cb00000,0x000000a08cc00000] [id=67196]
  0x00000283a03ac740 GCTaskThread "GC Thread#7" [stack: 0x000000a08cc00000,0x000000a08cd00000] [id=45148]
  0x00000283a03ac9f0 GCTaskThread "GC Thread#8" [stack: 0x000000a08cd00000,0x000000a08ce00000] [id=38876]
  0x00000283a03acca0 GCTaskThread "GC Thread#9" [stack: 0x000000a08ce00000,0x000000a08cf00000] [id=59380]
  0x0000028385ea0b90 ConcurrentGCThread "G1 Main Marker" [stack: 0x000000a08b000000,0x000000a08b100000] [id=68792]
  0x0000028385ea15a0 ConcurrentGCThread "G1 Conc#0" [stack: 0x000000a08b100000,0x000000a08b200000] [id=54188]
  0x00000283a0651880 ConcurrentGCThread "G1 Conc#1" [stack: 0x000000a08d300000,0x000000a08d400000] [id=45320]
  0x00000283a0651b30 ConcurrentGCThread "G1 Conc#2" [stack: 0x000000a08d400000,0x000000a08d500000] [id=75348]
  0x000002839e7961c0 ConcurrentGCThread "G1 Refine#0" [stack: 0x000000a08b200000,0x000000a08b300000] [id=68648]
  0x00000283a1088f60 ConcurrentGCThread "G1 Refine#1" [stack: 0x000000a08be00000,0x000000a08bf00000] [id=69832]
  0x00000283a112f2b0 ConcurrentGCThread "G1 Refine#2" [stack: 0x000000a08c000000,0x000000a08c100000] [id=67688]
  0x000002839e798af0 ConcurrentGCThread "G1 Service" [stack: 0x000000a08b300000,0x000000a08b400000] [id=70528]

Threads with active compile tasks:

VM state: at safepoint (normal execution)

VM Mutex/Monitor currently owned by a thread:  ([mutex/lock_event])
[0x0000028385e21f30] Threads_lock - owner thread: 0x000002839e8db6a0
[0x0000028385e22170] Heap_lock - owner thread: 0x00000283a0d218d0

Heap address: 0x000000070a000000, size: 3936 MB, Compressed Oops mode: Zero based, Oop shift amount: 3

CDS archive(s) mapped at: [0x0000000800000000-0x0000000800bc0000-0x0000000800bc0000), size 12320768, SharedBaseAddress: 0x0000000800000000, ArchiveRelocationMode: 0.
Compressed class space mapped at: 0x0000000800c00000-0x0000000840c00000, reserved size: 1073741824
Narrow klass base: 0x0000000800000000, Narrow klass shift: 0, Narrow klass range: 0x100000000

GC Precious Log:
 CPUs: 12 total, 12 available
 Memory: 15741M
 Large Page Support: Disabled
 NUMA Support: Disabled
 Compressed Oops: Enabled (Zero based)
 Heap Region Size: 2M
 Heap Min Capacity: 8M
 Heap Initial Capacity: 246M
 Heap Max Capacity: 3936M
 Pre-touch: Disabled
 Parallel Workers: 10
 Concurrent Workers: 3
 Concurrent Refinement Workers: 10
 Periodic GC: Disabled

Heap:
 garbage-first heap   total 483328K, used 227655K [0x000000070a000000, 0x0000000800000000)
  region size 2048K, 12 young (24576K), 12 survivors (24576K)
 Metaspace       used 46452K, committed 47232K, reserved 1097728K
  class space    used 6209K, committed 6592K, reserved 1048576K

Heap Regions: E=young(eden), S=young(survivor), O=old, HS=humongous(starts), HC=humongous(continues), CS=collection set, F=free, OA=open archive, CA=closed archive, TAMS=top-at-mark-start (previous, next)
|   0|0x000000070a000000, 0x000000070a200000, 0x000000070a200000|100%|HS|  |TAMS 0x000000070a200000, 0x000000070a200000| Complete 
|   1|0x000000070a200000, 0x000000070a400000, 0x000000070a400000|100%|HC|  |TAMS 0x000000070a400000, 0x000000070a400000| Complete 
|   2|0x000000070a400000, 0x000000070a600000, 0x000000070a600000|100%| O|  |TAMS 0x000000070a600000, 0x000000070a600000| Untracked 
|   3|0x000000070a600000, 0x000000070a800000, 0x000000070a800000|100%| O|  |TAMS 0x000000070a800000, 0x000000070a800000| Untracked 
|   4|0x000000070a800000, 0x000000070aa00000, 0x000000070aa00000|100%| O|  |TAMS 0x000000070aa00000, 0x000000070aa00000| Untracked 
|   5|0x000000070aa00000, 0x000000070ac00000, 0x000000070ac00000|100%| O|  |TAMS 0x000000070ac00000, 0x000000070ac00000| Untracked 
|   6|0x000000070ac00000, 0x000000070ae00000, 0x000000070ae00000|100%| O|  |TAMS 0x000000070ae00000, 0x000000070ae00000| Untracked 
|   7|0x000000070ae00000, 0x000000070b000000, 0x000000070b000000|100%| O|  |TAMS 0x000000070b000000, 0x000000070b000000| Untracked 
|   8|0x000000070b000000, 0x000000070b200000, 0x000000070b200000|100%| O|  |TAMS 0x000000070b200000, 0x000000070b200000| Untracked 
|   9|0x000000070b200000, 0x000000070b400000, 0x000000070b400000|100%| O|  |TAMS 0x000000070b400000, 0x000000070b400000| Untracked 
|  10|0x000000070b400000, 0x000000070b600000, 0x000000070b600000|100%| O|  |TAMS 0x000000070b600000, 0x000000070b600000| Untracked 
|  11|0x000000070b600000, 0x000000070b800000, 0x000000070b800000|100%| O|  |TAMS 0x000000070b800000, 0x000000070b800000| Untracked 
|  12|0x000000070b800000, 0x000000070ba00000, 0x000000070ba00000|100%| O|  |TAMS 0x000000070ba00000, 0x000000070ba00000| Untracked 
|  13|0x000000070ba00000, 0x000000070bc00000, 0x000000070bc00000|100%| O|  |TAMS 0x000000070bc00000, 0x000000070bc00000| Untracked 
|  14|0x000000070bc00000, 0x000000070be00000, 0x000000070be00000|100%| O|  |TAMS 0x000000070be00000, 0x000000070be00000| Untracked 
|  15|0x000000070be00000, 0x000000070c000000, 0x000000070c000000|100%| O|  |TAMS 0x000000070c000000, 0x000000070c000000| Untracked 
|  16|0x000000070c000000, 0x000000070c200000, 0x000000070c200000|100%| O|  |TAMS 0x000000070c200000, 0x000000070c200000| Untracked 
|  17|0x000000070c200000, 0x000000070c400000, 0x000000070c400000|100%| O|  |TAMS 0x000000070c400000, 0x000000070c400000| Untracked 
|  18|0x000000070c400000, 0x000000070c600000, 0x000000070c600000|100%| O|  |TAMS 0x000000070c600000, 0x000000070c600000| Untracked 
|  19|0x000000070c600000, 0x000000070c800000, 0x000000070c800000|100%| O|  |TAMS 0x000000070c600000, 0x000000070c800000| Untracked 
|  20|0x000000070c800000, 0x000000070ca00000, 0x000000070ca00000|100%| O|  |TAMS 0x000000070c800000, 0x000000070ca00000| Untracked 
|  21|0x000000070ca00000, 0x000000070cc00000, 0x000000070cc00000|100%| O|  |TAMS 0x000000070ca00000, 0x000000070cc00000| Untracked 
|  22|0x000000070cc00000, 0x000000070ce00000, 0x000000070ce00000|100%| O|  |TAMS 0x000000070ce00000, 0x000000070ce00000| Untracked 
|  23|0x000000070ce00000, 0x000000070d000000, 0x000000070d000000|100%| O|  |TAMS 0x000000070ce00000, 0x000000070d000000| Untracked 
|  24|0x000000070d000000, 0x000000070d200000, 0x000000070d200000|100%| O|  |TAMS 0x000000070d000000, 0x000000070d200000| Untracked 
|  25|0x000000070d200000, 0x000000070d400000, 0x000000070d400000|100%| O|  |TAMS 0x000000070d200000, 0x000000070d400000| Untracked 
|  26|0x000000070d400000, 0x000000070d600000, 0x000000070d600000|100%| O|  |TAMS 0x000000070d400000, 0x000000070d600000| Untracked 
|  27|0x000000070d600000, 0x000000070d800000, 0x000000070d800000|100%| O|  |TAMS 0x000000070d600000, 0x000000070d800000| Untracked 
|  28|0x000000070d800000, 0x000000070da00000, 0x000000070da00000|100%| O|  |TAMS 0x000000070d800000, 0x000000070da00000| Untracked 
|  29|0x000000070da00000, 0x000000070dc00000, 0x000000070dc00000|100%| O|  |TAMS 0x000000070da00000, 0x000000070dc00000| Untracked 
|  30|0x000000070dc00000, 0x000000070de00000, 0x000000070de00000|100%| O|  |TAMS 0x000000070dc00000, 0x000000070de00000| Untracked 
|  31|0x000000070de00000, 0x000000070e000000, 0x000000070e000000|100%|HS|  |TAMS 0x000000070de00000, 0x000000070e000000| Complete 
|  32|0x000000070e000000, 0x000000070e200000, 0x000000070e200000|100%| O|  |TAMS 0x000000070e200000, 0x000000070e200000| Untracked 
|  33|0x000000070e200000, 0x000000070e400000, 0x000000070e400000|100%| O|  |TAMS 0x000000070e200000, 0x000000070e400000| Untracked 
|  34|0x000000070e400000, 0x000000070e600000, 0x000000070e600000|100%| O|  |TAMS 0x000000070e400000, 0x000000070e600000| Untracked 
|  35|0x000000070e600000, 0x000000070e800000, 0x000000070e800000|100%| O|  |TAMS 0x000000070e800000, 0x000000070e800000| Untracked 
|  36|0x000000070e800000, 0x000000070ea00000, 0x000000070ea00000|100%| O|  |TAMS 0x000000070ea00000, 0x000000070ea00000| Untracked 
|  37|0x000000070ea00000, 0x000000070ec00000, 0x000000070ec00000|100%| O|  |TAMS 0x000000070ea00000, 0x000000070ec00000| Untracked 
|  38|0x000000070ec00000, 0x000000070ee00000, 0x000000070ee00000|100%| O|  |TAMS 0x000000070ee00000, 0x000000070ee00000| Untracked 
|  39|0x000000070ee00000, 0x000000070f000000, 0x000000070f000000|100%| O|  |TAMS 0x000000070f000000, 0x000000070f000000| Untracked 
|  40|0x000000070f000000, 0x000000070f200000, 0x000000070f200000|100%| O|  |TAMS 0x000000070f200000, 0x000000070f200000| Untracked 
|  41|0x000000070f200000, 0x000000070f400000, 0x000000070f400000|100%|HS|  |TAMS 0x000000070f400000, 0x000000070f400000| Complete 
|  42|0x000000070f400000, 0x000000070f600000, 0x000000070f600000|100%| O|  |TAMS 0x000000070f600000, 0x000000070f600000| Untracked 
|  43|0x000000070f600000, 0x000000070f800000, 0x000000070f800000|100%| O|  |TAMS 0x000000070f800000, 0x000000070f800000| Untracked 
|  44|0x000000070f800000, 0x000000070fa00000, 0x000000070fa00000|100%| O|  |TAMS 0x000000070fa00000, 0x000000070fa00000| Untracked 
|  45|0x000000070fa00000, 0x000000070fc00000, 0x000000070fc00000|100%| O|  |TAMS 0x000000070fb03c00, 0x000000070fc00000| Untracked 
|  46|0x000000070fc00000, 0x000000070fe00000, 0x000000070fe00000|100%| O|  |TAMS 0x000000070fc00000, 0x000000070fe00000| Untracked 
|  47|0x000000070fe00000, 0x0000000710000000, 0x0000000710000000|100%| O|  |TAMS 0x000000070fe00000, 0x0000000710000000| Untracked 
|  48|0x0000000710000000, 0x0000000710200000, 0x0000000710200000|100%| O|  |TAMS 0x0000000710000000, 0x0000000710200000| Untracked 
|  49|0x0000000710200000, 0x0000000710400000, 0x0000000710400000|100%| O|  |TAMS 0x0000000710200000, 0x0000000710400000| Untracked 
|  50|0x0000000710400000, 0x0000000710600000, 0x0000000710600000|100%| O|  |TAMS 0x0000000710400000, 0x0000000710600000| Untracked 
|  51|0x0000000710600000, 0x0000000710800000, 0x0000000710800000|100%| O|  |TAMS 0x0000000710600000, 0x0000000710800000| Untracked 
|  52|0x0000000710800000, 0x0000000710a00000, 0x0000000710a00000|100%| O|  |TAMS 0x0000000710800000, 0x0000000710a00000| Untracked 
|  53|0x0000000710a00000, 0x0000000710c00000, 0x0000000710c00000|100%| O|  |TAMS 0x0000000710a00000, 0x0000000710c00000| Untracked 
|  54|0x0000000710c00000, 0x0000000710e00000, 0x0000000710e00000|100%| O|  |TAMS 0x0000000710c00000, 0x0000000710e00000| Untracked 
|  55|0x0000000710e00000, 0x0000000711000000, 0x0000000711000000|100%| O|  |TAMS 0x0000000710e00000, 0x0000000711000000| Untracked 
|  56|0x0000000711000000, 0x0000000711200000, 0x0000000711200000|100%| O|  |TAMS 0x0000000711000000, 0x0000000711200000| Untracked 
|  57|0x0000000711200000, 0x0000000711400000, 0x0000000711400000|100%| O|  |TAMS 0x0000000711200000, 0x0000000711400000| Untracked 
|  58|0x0000000711400000, 0x0000000711600000, 0x0000000711600000|100%| O|  |TAMS 0x0000000711400000, 0x0000000711600000| Untracked 
|  59|0x0000000711600000, 0x0000000711800000, 0x0000000711800000|100%| O|  |TAMS 0x0000000711600000, 0x0000000711800000| Untracked 
|  60|0x0000000711800000, 0x0000000711a00000, 0x0000000711a00000|100%| O|  |TAMS 0x0000000711800000, 0x0000000711a00000| Untracked 
|  61|0x0000000711a00000, 0x0000000711c00000, 0x0000000711c00000|100%| O|  |TAMS 0x0000000711a00000, 0x0000000711c00000| Untracked 
|  62|0x0000000711c00000, 0x0000000711e00000, 0x0000000711e00000|100%| O|  |TAMS 0x0000000711c00000, 0x0000000711e00000| Untracked 
|  63|0x0000000711e00000, 0x0000000712000000, 0x0000000712000000|100%| O|  |TAMS 0x0000000711e00000, 0x0000000712000000| Untracked 
|  64|0x0000000712000000, 0x0000000712200000, 0x0000000712200000|100%| O|  |TAMS 0x0000000712000000, 0x0000000712200000| Untracked 
|  65|0x0000000712200000, 0x0000000712400000, 0x0000000712400000|100%| O|  |TAMS 0x0000000712200000, 0x0000000712400000| Untracked 
|  66|0x0000000712400000, 0x0000000712600000, 0x0000000712600000|100%| O|  |TAMS 0x0000000712400000, 0x0000000712600000| Untracked 
|  67|0x0000000712600000, 0x0000000712800000, 0x0000000712800000|100%| O|  |TAMS 0x0000000712600000, 0x0000000712800000| Untracked 
|  68|0x0000000712800000, 0x0000000712a00000, 0x0000000712a00000|100%|HS|  |TAMS 0x0000000712800000, 0x0000000712a00000| Complete 
|  69|0x0000000712a00000, 0x0000000712c00000, 0x0000000712c00000|100%|HC|  |TAMS 0x0000000712a00000, 0x0000000712c00000| Complete 
|  70|0x0000000712c00000, 0x0000000712e00000, 0x0000000712e00000|100%|HC|  |TAMS 0x0000000712c00000, 0x0000000712e00000| Complete 
|  71|0x0000000712e00000, 0x0000000713000000, 0x0000000713000000|100%|HS|  |TAMS 0x0000000712e00000, 0x0000000713000000| Complete 
|  72|0x0000000713000000, 0x0000000713200000, 0x0000000713200000|100%|HS|  |TAMS 0x0000000713000000, 0x0000000713200000| Complete 
|  73|0x0000000713200000, 0x0000000713400000, 0x0000000713400000|100%|HC|  |TAMS 0x0000000713200000, 0x0000000713400000| Complete 
|  74|0x0000000713400000, 0x0000000713600000, 0x0000000713600000|100%|HS|  |TAMS 0x0000000713400000, 0x0000000713600000| Complete 
|  75|0x0000000713600000, 0x0000000713800000, 0x0000000713800000|100%|HC|  |TAMS 0x0000000713600000, 0x0000000713800000| Complete 
|  76|0x0000000713800000, 0x0000000713a00000, 0x0000000713a00000|100%|HC|  |TAMS 0x0000000713800000, 0x0000000713a00000| Complete 
|  77|0x0000000713a00000, 0x0000000713c00000, 0x0000000713c00000|100%| O|  |TAMS 0x0000000713a00000, 0x0000000713c00000| Untracked 
|  78|0x0000000713c00000, 0x0000000713e00000, 0x0000000713e00000|100%| O|  |TAMS 0x0000000713c00000, 0x0000000713e00000| Untracked 
|  79|0x0000000713e00000, 0x0000000714000000, 0x0000000714000000|100%| O|  |TAMS 0x0000000713e00000, 0x0000000714000000| Untracked 
|  80|0x0000000714000000, 0x0000000714200000, 0x0000000714200000|100%| O|  |TAMS 0x0000000714000000, 0x0000000714200000| Untracked 
|  81|0x0000000714200000, 0x0000000714400000, 0x0000000714400000|100%| O|  |TAMS 0x0000000714200000, 0x0000000714400000| Untracked 
|  82|0x0000000714400000, 0x0000000714600000, 0x0000000714600000|100%| O|  |TAMS 0x0000000714400000, 0x0000000714600000| Untracked 
|  83|0x0000000714600000, 0x0000000714800000, 0x0000000714800000|100%| O|  |TAMS 0x0000000714600000, 0x0000000714800000| Untracked 
|  84|0x0000000714800000, 0x0000000714a00000, 0x0000000714a00000|100%| O|  |TAMS 0x0000000714800000, 0x0000000714a00000| Untracked 
|  85|0x0000000714a00000, 0x0000000714c00000, 0x0000000714c00000|100%|HS|  |TAMS 0x0000000714a00000, 0x0000000714c00000| Complete 
|  86|0x0000000714c00000, 0x0000000714e00000, 0x0000000714e00000|100%|HC|  |TAMS 0x0000000714c00000, 0x0000000714e00000| Complete 
|  87|0x0000000714e00000, 0x0000000715000000, 0x0000000715000000|100%| O|  |TAMS 0x0000000714e00000, 0x0000000715000000| Untracked 
|  88|0x0000000715000000, 0x0000000715200000, 0x0000000715200000|100%| O|  |TAMS 0x0000000715000000, 0x0000000715200000| Untracked 
|  89|0x0000000715200000, 0x0000000715400000, 0x0000000715400000|100%| O|  |TAMS 0x0000000715200000, 0x0000000715240c00| Untracked 
|  90|0x0000000715400000, 0x0000000715451e00, 0x0000000715600000| 15%| O|  |TAMS 0x0000000715400000, 0x0000000715400000| Untracked 
|  91|0x0000000715600000, 0x0000000715800000, 0x0000000715800000|100%| O|  |TAMS 0x0000000715600000, 0x0000000715800000| Untracked 
|  92|0x0000000715800000, 0x0000000715a00000, 0x0000000715a00000|100%| O|  |TAMS 0x0000000715800000, 0x0000000715a00000| Untracked 
|  93|0x0000000715a00000, 0x0000000715c00000, 0x0000000715c00000|100%| O|  |TAMS 0x0000000715a00000, 0x0000000715c00000| Untracked 
|  94|0x0000000715c00000, 0x0000000715e00000, 0x0000000715e00000|100%|HS|  |TAMS 0x0000000715c00000, 0x0000000715c00000| Complete 
|  95|0x0000000715e00000, 0x0000000716000000, 0x0000000716000000|100%|HC|  |TAMS 0x0000000715e00000, 0x0000000715e00000| Complete 
|  96|0x0000000716000000, 0x0000000716000000, 0x0000000716200000|  0%| F|  |TAMS 0x0000000716000000, 0x0000000716000000| Untracked 
|  97|0x0000000716200000, 0x0000000716200000, 0x0000000716400000|  0%| F|  |TAMS 0x0000000716200000, 0x0000000716200000| Untracked 
|  98|0x0000000716400000, 0x0000000716400000, 0x0000000716600000|  0%| F|  |TAMS 0x0000000716400000, 0x0000000716400000| Untracked 
|  99|0x0000000716600000, 0x0000000716600000, 0x0000000716800000|  0%| F|  |TAMS 0x0000000716600000, 0x0000000716600000| Untracked 
| 100|0x0000000716800000, 0x0000000716800000, 0x0000000716a00000|  0%| F|  |TAMS 0x0000000716800000, 0x0000000716800000| Untracked 
| 101|0x0000000716a00000, 0x0000000716a00000, 0x0000000716c00000|  0%| F|  |TAMS 0x0000000716a00000, 0x0000000716a00000| Untracked 
| 102|0x0000000716c00000, 0x0000000716e00000, 0x0000000716e00000|100%|HS|  |TAMS 0x0000000716c00000, 0x0000000716e00000| Complete 
| 103|0x0000000716e00000, 0x0000000717000000, 0x0000000717000000|100%|HS|  |TAMS 0x0000000716e00000, 0x0000000717000000| Complete 
| 104|0x0000000717000000, 0x0000000717200000, 0x0000000717200000|100%|HC|  |TAMS 0x0000000717000000, 0x0000000717200000| Complete 
| 105|0x0000000717200000, 0x0000000717400000, 0x0000000717400000|100%|HC|  |TAMS 0x0000000717200000, 0x0000000717400000| Complete 
| 106|0x0000000717400000, 0x0000000717400000, 0x0000000717600000|  0%| F|  |TAMS 0x0000000717400000, 0x0000000717400000| Untracked 
| 107|0x0000000717600000, 0x0000000717600000, 0x0000000717800000|  0%| F|  |TAMS 0x0000000717600000, 0x0000000717600000| Untracked 
| 108|0x0000000717800000, 0x0000000717800000, 0x0000000717a00000|  0%| F|  |TAMS 0x0000000717800000, 0x0000000717800000| Untracked 
| 109|0x0000000717a00000, 0x0000000717a00000, 0x0000000717c00000|  0%| F|  |TAMS 0x0000000717a00000, 0x0000000717a00000| Untracked 
| 110|0x0000000717c00000, 0x0000000717c00000, 0x0000000717e00000|  0%| F|  |TAMS 0x0000000717c00000, 0x0000000717c00000| Untracked 
| 111|0x0000000717e00000, 0x0000000717e00000, 0x0000000718000000|  0%| F|  |TAMS 0x0000000717e00000, 0x0000000717e00000| Untracked 
| 112|0x0000000718000000, 0x0000000718000000, 0x0000000718200000|  0%| F|  |TAMS 0x0000000718000000, 0x0000000718000000| Untracked 
| 113|0x0000000718200000, 0x0000000718200000, 0x0000000718400000|  0%| F|  |TAMS 0x0000000718200000, 0x0000000718200000| Untracked 
| 114|0x0000000718400000, 0x0000000718400000, 0x0000000718600000|  0%| F|  |TAMS 0x0000000718400000, 0x0000000718400000| Untracked 
| 115|0x0000000718600000, 0x0000000718600000, 0x0000000718800000|  0%| F|  |TAMS 0x0000000718600000, 0x0000000718600000| Untracked 
| 116|0x0000000718800000, 0x0000000718800000, 0x0000000718a00000|  0%| F|  |TAMS 0x0000000718800000, 0x0000000718800000| Untracked 
| 117|0x0000000718a00000, 0x0000000718a00000, 0x0000000718c00000|  0%| F|  |TAMS 0x0000000718a00000, 0x0000000718a00000| Untracked 
| 118|0x0000000718c00000, 0x0000000718c00000, 0x0000000718e00000|  0%| F|  |TAMS 0x0000000718c00000, 0x0000000718c00000| Untracked 
| 119|0x0000000718e00000, 0x0000000718e00000, 0x0000000719000000|  0%| F|  |TAMS 0x0000000718e00000, 0x0000000718e00000| Untracked 
| 120|0x0000000719000000, 0x0000000719000000, 0x0000000719200000|  0%| F|  |TAMS 0x0000000719000000, 0x0000000719000000| Untracked 
| 121|0x0000000719200000, 0x0000000719200000, 0x0000000719400000|  0%| F|  |TAMS 0x0000000719200000, 0x0000000719200000| Untracked 
| 122|0x0000000719400000, 0x0000000719400000, 0x0000000719600000|  0%| F|  |TAMS 0x0000000719400000, 0x0000000719400000| Untracked 
| 123|0x0000000719600000, 0x0000000719600000, 0x0000000719800000|  0%| F|  |TAMS 0x0000000719600000, 0x0000000719600000| Untracked 
| 124|0x0000000719800000, 0x0000000719800000, 0x0000000719a00000|  0%| F|  |TAMS 0x0000000719800000, 0x0000000719800000| Untracked 
| 125|0x0000000719a00000, 0x0000000719a00000, 0x0000000719c00000|  0%| F|  |TAMS 0x0000000719a00000, 0x0000000719a00000| Untracked 
| 126|0x0000000719c00000, 0x0000000719c00000, 0x0000000719e00000|  0%| F|  |TAMS 0x0000000719c00000, 0x0000000719c00000| Untracked 
| 127|0x0000000719e00000, 0x0000000719e00000, 0x000000071a000000|  0%| F|  |TAMS 0x0000000719e00000, 0x0000000719e00000| Untracked 
| 128|0x000000071a000000, 0x000000071a000000, 0x000000071a200000|  0%| F|  |TAMS 0x000000071a000000, 0x000000071a000000| Untracked 
| 129|0x000000071a200000, 0x000000071a400000, 0x000000071a400000|100%| S|CS|TAMS 0x000000071a200000, 0x000000071a200000| Complete 
| 130|0x000000071a400000, 0x000000071a600000, 0x000000071a600000|100%| S|CS|TAMS 0x000000071a400000, 0x000000071a400000| Complete 
| 131|0x000000071a600000, 0x000000071a800000, 0x000000071a800000|100%| S|CS|TAMS 0x000000071a600000, 0x000000071a600000| Complete 
| 132|0x000000071a800000, 0x000000071aa00000, 0x000000071aa00000|100%| S|CS|TAMS 0x000000071a800000, 0x000000071a800000| Complete 
| 133|0x000000071aa00000, 0x000000071ac00000, 0x000000071ac00000|100%| S|CS|TAMS 0x000000071aa00000, 0x000000071aa00000| Complete 
| 134|0x000000071ac00000, 0x000000071ae00000, 0x000000071ae00000|100%| S|CS|TAMS 0x000000071ac00000, 0x000000071ac00000| Complete 
| 135|0x000000071ae00000, 0x000000071b000000, 0x000000071b000000|100%| S|CS|TAMS 0x000000071ae00000, 0x000000071ae00000| Complete 
| 136|0x000000071b000000, 0x000000071b200000, 0x000000071b200000|100%| S|CS|TAMS 0x000000071b000000, 0x000000071b000000| Complete 
| 137|0x000000071b200000, 0x000000071b400000, 0x000000071b400000|100%| S|CS|TAMS 0x000000071b200000, 0x000000071b200000| Complete 
| 138|0x000000071b400000, 0x000000071b600000, 0x000000071b600000|100%| S|CS|TAMS 0x000000071b400000, 0x000000071b400000| Complete 
| 139|0x000000071b600000, 0x000000071b800000, 0x000000071b800000|100%| S|CS|TAMS 0x000000071b600000, 0x000000071b600000| Complete 
| 140|0x000000071b800000, 0x000000071ba00000, 0x000000071ba00000|100%| S|CS|TAMS 0x000000071b800000, 0x000000071b800000| Complete 
| 141|0x000000071ba00000, 0x000000071ba00000, 0x000000071bc00000|  0%| F|  |TAMS 0x000000071ba00000, 0x000000071ba00000| Untracked 
| 142|0x000000071bc00000, 0x000000071bc00000, 0x000000071be00000|  0%| F|  |TAMS 0x000000071bc00000, 0x000000071bc00000| Untracked 
| 143|0x000000071be00000, 0x000000071be00000, 0x000000071c000000|  0%| F|  |TAMS 0x000000071be00000, 0x000000071be00000| Untracked 
| 144|0x000000071c000000, 0x000000071c000000, 0x000000071c200000|  0%| F|  |TAMS 0x000000071c000000, 0x000000071c000000| Untracked 
| 145|0x000000071c200000, 0x000000071c200000, 0x000000071c400000|  0%| F|  |TAMS 0x000000071c200000, 0x000000071c200000| Untracked 
| 146|0x000000071c400000, 0x000000071c400000, 0x000000071c600000|  0%| F|  |TAMS 0x000000071c400000, 0x000000071c400000| Untracked 
| 147|0x000000071c600000, 0x000000071c600000, 0x000000071c800000|  0%| F|  |TAMS 0x000000071c600000, 0x000000071c600000| Untracked 
| 148|0x000000071c800000, 0x000000071c800000, 0x000000071ca00000|  0%| F|  |TAMS 0x000000071c800000, 0x000000071c800000| Untracked 
| 149|0x000000071ca00000, 0x000000071ca00000, 0x000000071cc00000|  0%| F|  |TAMS 0x000000071ca00000, 0x000000071ca00000| Untracked 
| 150|0x000000071cc00000, 0x000000071cc00000, 0x000000071ce00000|  0%| F|  |TAMS 0x000000071cc00000, 0x000000071cc00000| Untracked 
| 151|0x000000071ce00000, 0x000000071ce00000, 0x000000071d000000|  0%| F|  |TAMS 0x000000071ce00000, 0x000000071ce00000| Untracked 
| 152|0x000000071d000000, 0x000000071d000000, 0x000000071d200000|  0%| F|  |TAMS 0x000000071d000000, 0x000000071d000000| Untracked 
| 153|0x000000071d200000, 0x000000071d200000, 0x000000071d400000|  0%| F|  |TAMS 0x000000071d200000, 0x000000071d200000| Untracked 
| 154|0x000000071d400000, 0x000000071d400000, 0x000000071d600000|  0%| F|  |TAMS 0x000000071d400000, 0x000000071d400000| Untracked 
| 155|0x000000071d600000, 0x000000071d600000, 0x000000071d800000|  0%| F|  |TAMS 0x000000071d600000, 0x000000071d600000| Untracked 
| 156|0x000000071d800000, 0x000000071d800000, 0x000000071da00000|  0%| F|  |TAMS 0x000000071d800000, 0x000000071d800000| Untracked 
| 157|0x000000071da00000, 0x000000071da00000, 0x000000071dc00000|  0%| F|  |TAMS 0x000000071da00000, 0x000000071da00000| Untracked 
| 158|0x000000071dc00000, 0x000000071dc00000, 0x000000071de00000|  0%| F|  |TAMS 0x000000071dc00000, 0x000000071dc00000| Untracked 
| 159|0x000000071de00000, 0x000000071de00000, 0x000000071e000000|  0%| F|  |TAMS 0x000000071de00000, 0x000000071de00000| Untracked 
| 160|0x000000071e000000, 0x000000071e000000, 0x000000071e200000|  0%| F|  |TAMS 0x000000071e000000, 0x000000071e000000| Untracked 
| 161|0x000000071e200000, 0x000000071e200000, 0x000000071e400000|  0%| F|  |TAMS 0x000000071e200000, 0x000000071e200000| Untracked 
| 162|0x000000071e400000, 0x000000071e400000, 0x000000071e600000|  0%| F|  |TAMS 0x000000071e400000, 0x000000071e400000| Untracked 
| 163|0x000000071e600000, 0x000000071e600000, 0x000000071e800000|  0%| F|  |TAMS 0x000000071e600000, 0x000000071e600000| Untracked 
| 164|0x000000071e800000, 0x000000071e800000, 0x000000071ea00000|  0%| F|  |TAMS 0x000000071e800000, 0x000000071e800000| Untracked 
| 165|0x000000071ea00000, 0x000000071ea00000, 0x000000071ec00000|  0%| F|  |TAMS 0x000000071ea00000, 0x000000071ea00000| Untracked 
| 166|0x000000071ec00000, 0x000000071ec00000, 0x000000071ee00000|  0%| F|  |TAMS 0x000000071ec00000, 0x000000071ec00000| Untracked 
| 167|0x000000071ee00000, 0x000000071ee00000, 0x000000071f000000|  0%| F|  |TAMS 0x000000071ee00000, 0x000000071ee00000| Untracked 
| 168|0x000000071f000000, 0x000000071f000000, 0x000000071f200000|  0%| F|  |TAMS 0x000000071f000000, 0x000000071f000000| Untracked 
| 169|0x000000071f200000, 0x000000071f200000, 0x000000071f400000|  0%| F|  |TAMS 0x000000071f200000, 0x000000071f200000| Untracked 
| 170|0x000000071f400000, 0x000000071f400000, 0x000000071f600000|  0%| F|  |TAMS 0x000000071f400000, 0x000000071f400000| Untracked 
| 171|0x000000071f600000, 0x000000071f600000, 0x000000071f800000|  0%| F|  |TAMS 0x000000071f600000, 0x000000071f600000| Untracked 
| 172|0x000000071f800000, 0x000000071f800000, 0x000000071fa00000|  0%| F|  |TAMS 0x000000071f800000, 0x000000071f800000| Untracked 
| 173|0x000000071fa00000, 0x000000071fa00000, 0x000000071fc00000|  0%| F|  |TAMS 0x000000071fa00000, 0x000000071fa00000| Untracked 
| 174|0x000000071fc00000, 0x000000071fc00000, 0x000000071fe00000|  0%| F|  |TAMS 0x000000071fc00000, 0x000000071fc00000| Untracked 
| 175|0x000000071fe00000, 0x000000071fe00000, 0x0000000720000000|  0%| F|  |TAMS 0x000000071fe00000, 0x000000071fe00000| Untracked 
| 176|0x0000000720000000, 0x0000000720000000, 0x0000000720200000|  0%| F|  |TAMS 0x0000000720000000, 0x0000000720000000| Untracked 
| 177|0x0000000720200000, 0x0000000720200000, 0x0000000720400000|  0%| F|  |TAMS 0x0000000720200000, 0x0000000720200000| Untracked 
| 178|0x0000000720400000, 0x0000000720400000, 0x0000000720600000|  0%| F|  |TAMS 0x0000000720400000, 0x0000000720400000| Untracked 
| 179|0x0000000720600000, 0x0000000720600000, 0x0000000720800000|  0%| F|  |TAMS 0x0000000720600000, 0x0000000720600000| Untracked 
| 180|0x0000000720800000, 0x0000000720800000, 0x0000000720a00000|  0%| F|  |TAMS 0x0000000720800000, 0x0000000720800000| Untracked 
| 181|0x0000000720a00000, 0x0000000720a00000, 0x0000000720c00000|  0%| F|  |TAMS 0x0000000720a00000, 0x0000000720a00000| Untracked 
| 182|0x0000000720c00000, 0x0000000720c00000, 0x0000000720e00000|  0%| F|  |TAMS 0x0000000720c00000, 0x0000000720c00000| Untracked 
| 183|0x0000000720e00000, 0x0000000720e00000, 0x0000000721000000|  0%| F|  |TAMS 0x0000000720e00000, 0x0000000720e00000| Untracked 
| 184|0x0000000721000000, 0x0000000721000000, 0x0000000721200000|  0%| F|  |TAMS 0x0000000721000000, 0x0000000721000000| Untracked 
| 185|0x0000000721200000, 0x0000000721200000, 0x0000000721400000|  0%| F|  |TAMS 0x0000000721200000, 0x0000000721200000| Untracked 
| 186|0x0000000721400000, 0x0000000721400000, 0x0000000721600000|  0%| F|  |TAMS 0x0000000721400000, 0x0000000721400000| Untracked 
| 187|0x0000000721600000, 0x0000000721600000, 0x0000000721800000|  0%| F|  |TAMS 0x0000000721600000, 0x0000000721600000| Untracked 
| 188|0x0000000721800000, 0x0000000721800000, 0x0000000721a00000|  0%| F|  |TAMS 0x0000000721800000, 0x0000000721800000| Untracked 
| 189|0x0000000721a00000, 0x0000000721a00000, 0x0000000721c00000|  0%| F|  |TAMS 0x0000000721a00000, 0x0000000721a00000| Untracked 
| 190|0x0000000721c00000, 0x0000000721c00000, 0x0000000721e00000|  0%| F|  |TAMS 0x0000000721c00000, 0x0000000721c00000| Untracked 
| 191|0x0000000721e00000, 0x0000000721e00000, 0x0000000722000000|  0%| F|  |TAMS 0x0000000721e00000, 0x0000000721e00000| Untracked 
| 192|0x0000000722000000, 0x0000000722000000, 0x0000000722200000|  0%| F|  |TAMS 0x0000000722000000, 0x0000000722000000| Untracked 
| 193|0x0000000722200000, 0x0000000722200000, 0x0000000722400000|  0%| F|  |TAMS 0x0000000722200000, 0x0000000722200000| Untracked 
| 194|0x0000000722400000, 0x0000000722400000, 0x0000000722600000|  0%| F|  |TAMS 0x0000000722400000, 0x0000000722400000| Untracked 
| 195|0x0000000722600000, 0x0000000722600000, 0x0000000722800000|  0%| F|  |TAMS 0x0000000722600000, 0x0000000722600000| Untracked 
| 196|0x0000000722800000, 0x0000000722800000, 0x0000000722a00000|  0%| F|  |TAMS 0x0000000722800000, 0x0000000722800000| Untracked 
| 197|0x0000000722a00000, 0x0000000722a00000, 0x0000000722c00000|  0%| F|  |TAMS 0x0000000722a00000, 0x0000000722a00000| Untracked 
| 198|0x0000000722c00000, 0x0000000722c00000, 0x0000000722e00000|  0%| F|  |TAMS 0x0000000722c00000, 0x0000000722c00000| Untracked 
| 199|0x0000000722e00000, 0x0000000722e00000, 0x0000000723000000|  0%| F|  |TAMS 0x0000000722e00000, 0x0000000722e00000| Untracked 
| 200|0x0000000723000000, 0x0000000723000000, 0x0000000723200000|  0%| F|  |TAMS 0x0000000723000000, 0x0000000723000000| Untracked 
| 201|0x0000000723200000, 0x0000000723200000, 0x0000000723400000|  0%| F|  |TAMS 0x0000000723200000, 0x0000000723200000| Untracked 
| 202|0x0000000723400000, 0x0000000723400000, 0x0000000723600000|  0%| F|  |TAMS 0x0000000723400000, 0x0000000723400000| Untracked 
| 203|0x0000000723600000, 0x0000000723600000, 0x0000000723800000|  0%| F|  |TAMS 0x0000000723600000, 0x0000000723600000| Untracked 
| 204|0x0000000723800000, 0x0000000723800000, 0x0000000723a00000|  0%| F|  |TAMS 0x0000000723800000, 0x0000000723800000| Untracked 
| 205|0x0000000723a00000, 0x0000000723a00000, 0x0000000723c00000|  0%| F|  |TAMS 0x0000000723a00000, 0x0000000723a00000| Untracked 
| 206|0x0000000723c00000, 0x0000000723c00000, 0x0000000723e00000|  0%| F|  |TAMS 0x0000000723c00000, 0x0000000723c00000| Untracked 
| 207|0x0000000723e00000, 0x0000000723e00000, 0x0000000724000000|  0%| F|  |TAMS 0x0000000723e00000, 0x0000000723e00000| Untracked 
| 208|0x0000000724000000, 0x0000000724000000, 0x0000000724200000|  0%| F|  |TAMS 0x0000000724000000, 0x0000000724000000| Untracked 
| 209|0x0000000724200000, 0x0000000724200000, 0x0000000724400000|  0%| F|  |TAMS 0x0000000724200000, 0x0000000724200000| Untracked 
| 210|0x0000000724400000, 0x0000000724400000, 0x0000000724600000|  0%| F|  |TAMS 0x0000000724400000, 0x0000000724400000| Untracked 
| 211|0x0000000724600000, 0x0000000724600000, 0x0000000724800000|  0%| F|  |TAMS 0x0000000724600000, 0x0000000724600000| Untracked 
| 212|0x0000000724800000, 0x0000000724800000, 0x0000000724a00000|  0%| F|  |TAMS 0x0000000724800000, 0x0000000724800000| Untracked 
| 213|0x0000000724a00000, 0x0000000724a00000, 0x0000000724c00000|  0%| F|  |TAMS 0x0000000724a00000, 0x0000000724a00000| Untracked 
| 214|0x0000000724c00000, 0x0000000724c00000, 0x0000000724e00000|  0%| F|  |TAMS 0x0000000724c00000, 0x0000000724c00000| Untracked 
| 215|0x0000000724e00000, 0x0000000724e00000, 0x0000000725000000|  0%| F|  |TAMS 0x0000000724e00000, 0x0000000724e00000| Untracked 
| 216|0x0000000725000000, 0x0000000725000000, 0x0000000725200000|  0%| F|  |TAMS 0x0000000725000000, 0x0000000725000000| Untracked 
| 217|0x0000000725200000, 0x0000000725200000, 0x0000000725400000|  0%| F|  |TAMS 0x0000000725200000, 0x0000000725200000| Untracked 
| 218|0x0000000725400000, 0x0000000725400000, 0x0000000725600000|  0%| F|  |TAMS 0x0000000725400000, 0x0000000725400000| Untracked 
| 219|0x0000000725600000, 0x0000000725600000, 0x0000000725800000|  0%| F|  |TAMS 0x0000000725600000, 0x0000000725600000| Untracked 
| 220|0x0000000725800000, 0x0000000725800000, 0x0000000725a00000|  0%| F|  |TAMS 0x0000000725800000, 0x0000000725800000| Untracked 
| 221|0x0000000725a00000, 0x0000000725a00000, 0x0000000725c00000|  0%| F|  |TAMS 0x0000000725a00000, 0x0000000725a00000| Untracked 
| 222|0x0000000725c00000, 0x0000000725c00000, 0x0000000725e00000|  0%| F|  |TAMS 0x0000000725c00000, 0x0000000725c00000| Untracked 
| 223|0x0000000725e00000, 0x0000000725e00000, 0x0000000726000000|  0%| F|  |TAMS 0x0000000725e00000, 0x0000000725e00000| Untracked 
| 224|0x0000000726000000, 0x0000000726000000, 0x0000000726200000|  0%| F|  |TAMS 0x0000000726000000, 0x0000000726000000| Untracked 
| 225|0x0000000726200000, 0x0000000726200000, 0x0000000726400000|  0%| F|  |TAMS 0x0000000726200000, 0x0000000726200000| Untracked 
| 226|0x0000000726400000, 0x0000000726400000, 0x0000000726600000|  0%| F|  |TAMS 0x0000000726400000, 0x0000000726400000| Untracked 
| 227|0x0000000726600000, 0x0000000726600000, 0x0000000726800000|  0%| F|  |TAMS 0x0000000726600000, 0x0000000726600000| Untracked 
| 228|0x0000000726800000, 0x0000000726800000, 0x0000000726a00000|  0%| F|  |TAMS 0x0000000726800000, 0x0000000726800000| Untracked 
| 229|0x0000000726a00000, 0x0000000726a00000, 0x0000000726c00000|  0%| F|  |TAMS 0x0000000726a00000, 0x0000000726a00000| Untracked 
| 230|0x0000000726c00000, 0x0000000726c00000, 0x0000000726e00000|  0%| F|  |TAMS 0x0000000726c00000, 0x0000000726c00000| Untracked 
| 231|0x0000000726e00000, 0x0000000726e00000, 0x0000000727000000|  0%| F|  |TAMS 0x0000000726e00000, 0x0000000726e00000| Untracked 
| 232|0x0000000727000000, 0x0000000727000000, 0x0000000727200000|  0%| F|  |TAMS 0x0000000727000000, 0x0000000727000000| Untracked 
| 233|0x0000000727200000, 0x0000000727200000, 0x0000000727400000|  0%| F|  |TAMS 0x0000000727200000, 0x0000000727200000| Untracked 
| 234|0x0000000727400000, 0x0000000727400000, 0x0000000727600000|  0%| F|  |TAMS 0x0000000727400000, 0x0000000727400000| Untracked 
| 235|0x0000000727600000, 0x0000000727600000, 0x0000000727800000|  0%| F|  |TAMS 0x0000000727600000, 0x0000000727600000| Untracked 

Card table byte_map: [0x0000028393160000,0x0000028393910000] _byte_map_base: 0x000002838f910000

Marking Bits (Prev, Next): (CMBitMap*) 0x0000028385e90ca0, (CMBitMap*) 0x0000028385e90c60
 Prev Bits: [0x0000028397e40000, 0x000002839bbc0000)
 Next Bits: [0x00000283940c0000, 0x0000028397e40000)

Polling page: 0x0000028385ee0000

Metaspace:

Usage:
  Non-class:     39.30 MB used.
      Class:      6.06 MB used.
       Both:     45.36 MB used.

Virtual space:
  Non-class space:       48.00 MB reserved,      39.69 MB ( 83%) committed,  6 nodes.
      Class space:        1.00 GB reserved,       6.44 MB ( <1%) committed,  1 nodes.
             Both:        1.05 GB reserved,      46.12 MB (  4%) committed. 

Chunk freelists:
   Non-Class:  3.73 MB
       Class:  1.60 MB
        Both:  5.32 MB

MaxMetaspaceSize: unlimited
CompressedClassSpaceSize: 1.00 GB
Initial GC threshold: 21.00 MB
Current GC threshold: 76.81 MB
CDS: on
MetaspaceReclaimPolicy: balanced
 - commit_granule_bytes: 65536.
 - commit_granule_words: 8192.
 - virtual_space_node_default_size: 1048576.
 - enlarge_chunks_in_place: 1.
 - new_chunks_are_fully_committed: 0.
 - uncommit_free_chunks: 1.
 - use_allocation_guard: 0.
 - handle_deallocations: 1.


Internal statistics:

num_allocs_failed_limit: 6.
num_arena_births: 1010.
num_arena_deaths: 304.
num_vsnodes_births: 7.
num_vsnodes_deaths: 0.
num_space_committed: 738.
num_space_uncommitted: 0.
num_chunks_returned_to_freelist: 370.
num_chunks_taken_from_freelist: 2807.
num_chunk_merges: 132.
num_chunk_splits: 1824.
num_chunks_enlarged: 1253.
num_purges: 2.
num_inconsistent_stats: 0.

CodeCache: size=49152Kb used=15370Kb max_used=16466Kb free=33781Kb
 bounds [0x000002838eea0000, 0x000002838ff10000, 0x0000028391ea0000]
 total_blobs=8855 nmethods=8241 adapters=539
 compilation: enabled
              stopped_count=0, restarted_count=0
 full_count=0

Compilation events (20 events):
Event: 401.713 Thread 0x00000283a10497c0 8232       1       org.springframework.web.method.HandlerMethod::getResponseStatusReason (5 bytes)
Event: 401.713 Thread 0x00000283a10497c0 nmethod 8232 0x000002838fda1390 code [0x000002838fda1520, 0x000002838fda15f8]
Event: 401.714 Thread 0x00000283a10497c0 8233       1       org.springframework.http.server.ServletServerHttpResponse$ServletResponseHttpHeaders::containsKey (22 bytes)
Event: 401.714 Thread 0x000002839f414110 8234       1       org.springframework.util.LinkedCaseInsensitiveMap::containsKey (33 bytes)
Event: 401.714 Thread 0x00000283a10497c0 nmethod 8233 0x000002838fda0f90 code [0x000002838fda1140, 0x000002838fda1298]
Event: 401.714 Thread 0x00000283a10497c0 8235       1       org.apache.catalina.connector.Response::getOutputStream (55 bytes)
Event: 401.714 Thread 0x00000283a10497c0 nmethod 8235 0x000002838fda0a10 code [0x000002838fda0bc0, 0x000002838fda0eb8]
Event: 401.714 Thread 0x00000283a10497c0 8236       1       org.springframework.http.server.ServletServerHttpResponse::getBody (19 bytes)
Event: 401.714 Thread 0x000002839f414110 nmethod 8234 0x000002838fda0510 code [0x000002838fda06c0, 0x000002838fda08e8]
Event: 401.714 Thread 0x00000283a10497c0 nmethod 8236 0x000002838fda0190 code [0x000002838fda0340, 0x000002838fda0458]
Event: 401.715 Thread 0x00000283a10497c0 8237       1       org.apache.fontbox.ttf.TTFDataStream::readString (16 bytes)
Event: 401.715 Thread 0x000002839f414110 8238       1       sun.util.calendar.BaseCalendar$Date::hit (24 bytes)
Event: 401.715 Thread 0x000002839f414110 nmethod 8238 0x000002838fd9fe90 code [0x000002838fda0020, 0x000002838fda0118]
Event: 401.715 Thread 0x00000283a10497c0 nmethod 8237 0x000002838fd9fa10 code [0x000002838fd9fbc0, 0x000002838fd9fd38]
Event: 401.715 Thread 0x000002839f414110 8239       1       sun.util.calendar.BaseCalendar::getCalendarDateFromFixedDate (305 bytes)
Event: 401.715 Thread 0x00000283a10497c0 8240       1       sun.util.calendar.CalendarDate::setDayOfMonth (20 bytes)
Event: 401.715 Thread 0x00000283a10497c0 nmethod 8240 0x000002838fd9f710 code [0x000002838fd9f8a0, 0x000002838fd9f978]
Event: 401.716 Thread 0x000002839f414110 nmethod 8239 0x000002838fd9e990 code [0x000002838fd9eb60, 0x000002838fd9f258]
Event: 401.786 Thread 0x000002839f414110 8241       1       org.mabb.fontverter.opentype.NameRecord::setNameID (6 bytes)
Event: 401.787 Thread 0x000002839f414110 nmethod 8241 0x000002838fd9e690 code [0x000002838fd9e820, 0x000002838fd9e8f8]

GC Heap History (20 events):
Event: 381.511 GC heap after
{Heap after GC invocations=31 (full 0):
 garbage-first heap   total 354304K, used 130990K [0x000000070a000000, 0x0000000800000000)
  region size 2048K, 7 young (14336K), 7 survivors (14336K)
 Metaspace       used 46412K, committed 47232K, reserved 1097728K
  class space    used 6202K, committed 6592K, reserved 1048576K
}
Event: 381.753 GC heap before
{Heap before GC invocations=31 (full 0):
 garbage-first heap   total 354304K, used 274350K [0x000000070a000000, 0x0000000800000000)
  region size 2048K, 78 young (159744K), 7 survivors (14336K)
 Metaspace       used 46432K, committed 47232K, reserved 1097728K
  class space    used 6205K, committed 6592K, reserved 1048576K
}
Event: 381.766 GC heap after
{Heap after GC invocations=32 (full 0):
 garbage-first heap   total 354304K, used 155431K [0x000000070a000000, 0x0000000800000000)
  region size 2048K, 10 young (20480K), 10 survivors (20480K)
 Metaspace       used 46432K, committed 47232K, reserved 1097728K
  class space    used 6205K, committed 6592K, reserved 1048576K
}
Event: 381.913 GC heap before
{Heap before GC invocations=32 (full 0):
 garbage-first heap   total 354304K, used 266023K [0x000000070a000000, 0x0000000800000000)
  region size 2048K, 54 young (110592K), 10 survivors (20480K)
 Metaspace       used 46432K, committed 47232K, reserved 1097728K
  class space    used 6205K, committed 6592K, reserved 1048576K
}
Event: 381.920 GC heap after
{Heap after GC invocations=33 (full 0):
 garbage-first heap   total 354304K, used 161236K [0x000000070a000000, 0x0000000800000000)
  region size 2048K, 2 young (4096K), 2 survivors (4096K)
 Metaspace       used 46432K, committed 47232K, reserved 1097728K
  class space    used 6205K, committed 6592K, reserved 1048576K
}
Event: 381.934 GC heap before
{Heap before GC invocations=33 (full 0):
 garbage-first heap   total 354304K, used 163284K [0x000000070a000000, 0x0000000800000000)
  region size 2048K, 3 young (6144K), 2 survivors (4096K)
 Metaspace       used 46432K, committed 47232K, reserved 1097728K
  class space    used 6205K, committed 6592K, reserved 1048576K
}
Event: 381.936 GC heap after
{Heap after GC invocations=34 (full 0):
 garbage-first heap   total 483328K, used 159975K [0x000000070a000000, 0x0000000800000000)
  region size 2048K, 2 young (4096K), 2 survivors (4096K)
 Metaspace       used 46432K, committed 47232K, reserved 1097728K
  class space    used 6205K, committed 6592K, reserved 1048576K
}
Event: 383.643 GC heap before
{Heap before GC invocations=34 (full 0):
 garbage-first heap   total 483328K, used 362727K [0x000000070a000000, 0x0000000800000000)
  region size 2048K, 89 young (182272K), 2 survivors (4096K)
 Metaspace       used 46432K, committed 47232K, reserved 1097728K
  class space    used 6205K, committed 6592K, reserved 1048576K
}
Event: 383.650 GC heap after
{Heap after GC invocations=35 (full 0):
 garbage-first heap   total 483328K, used 184595K [0x000000070a000000, 0x0000000800000000)
  region size 2048K, 9 young (18432K), 9 survivors (18432K)
 Metaspace       used 46432K, committed 47232K, reserved 1097728K
  class space    used 6205K, committed 6592K, reserved 1048576K
}
Event: 396.105 GC heap before
{Heap before GC invocations=35 (full 0):
 garbage-first heap   total 483328K, used 354579K [0x000000070a000000, 0x0000000800000000)
  region size 2048K, 91 young (186368K), 9 survivors (18432K)
 Metaspace       used 46452K, committed 47232K, reserved 1097728K
  class space    used 6208K, committed 6592K, reserved 1048576K
}
Event: 396.114 GC heap after
{Heap after GC invocations=36 (full 0):
 garbage-first heap   total 483328K, used 195442K [0x000000070a000000, 0x0000000800000000)
  region size 2048K, 12 young (24576K), 12 survivors (24576K)
 Metaspace       used 46452K, committed 47232K, reserved 1097728K
  class space    used 6208K, committed 6592K, reserved 1048576K
}
Event: 396.369 GC heap before
{Heap before GC invocations=36 (full 0):
 garbage-first heap   total 483328K, used 353138K [0x000000070a000000, 0x0000000800000000)
  region size 2048K, 90 young (184320K), 12 survivors (24576K)
 Metaspace       used 46452K, committed 47232K, reserved 1097728K
  class space    used 6208K, committed 6592K, reserved 1048576K
}
Event: 396.375 GC heap after
{Heap after GC invocations=37 (full 0):
 garbage-first heap   total 483328K, used 195161K [0x000000070a000000, 0x0000000800000000)
  region size 2048K, 4 young (8192K), 4 survivors (8192K)
 Metaspace       used 46452K, committed 47232K, reserved 1097728K
  class space    used 6208K, committed 6592K, reserved 1048576K
}
Event: 396.635 GC heap before
{Heap before GC invocations=37 (full 0):
 garbage-first heap   total 483328K, used 361049K [0x000000070a000000, 0x0000000800000000)
  region size 2048K, 86 young (176128K), 4 survivors (8192K)
 Metaspace       used 46452K, committed 47232K, reserved 1097728K
  class space    used 6208K, committed 6592K, reserved 1048576K
}
Event: 396.638 GC heap after
{Heap after GC invocations=38 (full 0):
 garbage-first heap   total 483328K, used 200459K [0x000000070a000000, 0x0000000800000000)
  region size 2048K, 6 young (12288K), 6 survivors (12288K)
 Metaspace       used 46452K, committed 47232K, reserved 1097728K
  class space    used 6208K, committed 6592K, reserved 1048576K
}
Event: 396.691 GC heap before
{Heap before GC invocations=38 (full 0):
 garbage-first heap   total 483328K, used 249611K [0x000000070a000000, 0x0000000800000000)
  region size 2048K, 19 young (38912K), 6 survivors (12288K)
 Metaspace       used 46452K, committed 47232K, reserved 1097728K
  class space    used 6208K, committed 6592K, reserved 1048576K
}
Event: 396.695 GC heap after
{Heap after GC invocations=39 (full 0):
 garbage-first heap   total 483328K, used 203011K [0x000000070a000000, 0x0000000800000000)
  region size 2048K, 6 young (12288K), 6 survivors (12288K)
 Metaspace       used 46452K, committed 47232K, reserved 1097728K
  class space    used 6208K, committed 6592K, reserved 1048576K
}
Event: 396.712 GC heap before
{Heap before GC invocations=39 (full 0):
 garbage-first heap   total 483328K, used 225539K [0x000000070a000000, 0x0000000800000000)
  region size 2048K, 7 young (14336K), 6 survivors (12288K)
 Metaspace       used 46452K, committed 47232K, reserved 1097728K
  class space    used 6208K, committed 6592K, reserved 1048576K
}
Event: 396.715 GC heap after
{Heap after GC invocations=40 (full 0):
 garbage-first heap   total 483328K, used 208786K [0x000000070a000000, 0x0000000800000000)
  region size 2048K, 6 young (12288K), 6 survivors (12288K)
 Metaspace       used 46452K, committed 47232K, reserved 1097728K
  class space    used 6208K, committed 6592K, reserved 1048576K
}
Event: 401.975 GC heap before
{Heap before GC invocations=40 (full 0):
 garbage-first heap   total 483328K, used 393106K [0x000000070a000000, 0x0000000800000000)
  region size 2048K, 95 young (194560K), 6 survivors (12288K)
 Metaspace       used 46452K, committed 47232K, reserved 1097728K
  class space    used 6209K, committed 6592K, reserved 1048576K
}

Deoptimization events (12 events):
Event: 2.137 Thread 0x0000028385e25b70 DEOPT PACKING pc=0x000002838f4d5879 sp=0x000000a08aefcf50
Event: 2.137 Thread 0x0000028385e25b70 DEOPT UNPACKING pc=0x000002838eef2b43 sp=0x000000a08aefc430 mode 3
Event: 4.105 Thread 0x0000028385e25b70 DEOPT PACKING pc=0x000002838f7469a5 sp=0x000000a08aefd2c0
Event: 4.105 Thread 0x0000028385e25b70 DEOPT UNPACKING pc=0x000002838eef2b43 sp=0x000000a08aefc828 mode 3
Event: 4.619 Thread 0x0000028385e25b70 DEOPT PACKING pc=0x000002838f4c1152 sp=0x000000a08aefd420
Event: 4.619 Thread 0x0000028385e25b70 DEOPT UNPACKING pc=0x000002838eef2b43 sp=0x000000a08aefc928 mode 3
Event: 4.619 Thread 0x0000028385e25b70 DEOPT PACKING pc=0x000002838f4955d5 sp=0x000000a08aefd3e0
Event: 4.619 Thread 0x0000028385e25b70 DEOPT UNPACKING pc=0x000002838eef2b43 sp=0x000000a08aefc928 mode 3
Event: 183.706 Thread 0x00000283a0d1df10 DEOPT PACKING pc=0x000002838f07909b sp=0x000000a08d2fd050
Event: 183.706 Thread 0x00000283a0d1df10 DEOPT UNPACKING pc=0x000002838eef2b43 sp=0x000000a08d2fc578 mode 3
Event: 208.734 Thread 0x00000283a0d218d0 DEOPT PACKING pc=0x000002838fbe28d3 sp=0x000000a08ddfd240
Event: 208.734 Thread 0x00000283a0d218d0 DEOPT UNPACKING pc=0x000002838eef2b43 sp=0x000000a08ddfc750 mode 3

Classes unloaded (20 events):
Event: 354.003 Thread 0x000002839e8db6a0 Unloading class 0x0000000800d39400 'java/lang/invoke/LambdaForm$MH+0x0000000800d39400'
Event: 354.003 Thread 0x000002839e8db6a0 Unloading class 0x0000000800d38c00 'java/lang/invoke/LambdaForm$MH+0x0000000800d38c00'
Event: 354.003 Thread 0x000002839e8db6a0 Unloading class 0x0000000800d38000 'java/lang/invoke/LambdaForm$MH+0x0000000800d38000'
Event: 354.003 Thread 0x000002839e8db6a0 Unloading class 0x0000000800cc0800 'jdk/internal/reflect/GeneratedSerializationConstructorAccessor3'
Event: 354.003 Thread 0x000002839e8db6a0 Unloading class 0x0000000800cc0400 'jdk/internal/reflect/GeneratedSerializationConstructorAccessor2'
Event: 354.003 Thread 0x000002839e8db6a0 Unloading class 0x0000000800cc0000 'jdk/internal/reflect/GeneratedSerializationConstructorAccessor1'
Event: 354.003 Thread 0x000002839e8db6a0 Unloading class 0x0000000800c09000 'java/lang/invoke/LambdaForm$DMH+0x0000000800c09000'
Event: 354.003 Thread 0x000002839e8db6a0 Unloading class 0x0000000800c08800 'java/lang/invoke/LambdaForm$DMH+0x0000000800c08800'
Event: 354.003 Thread 0x000002839e8db6a0 Unloading class 0x0000000800c07c00 'jdk/internal/reflect/GeneratedConstructorAccessor1'
Event: 354.003 Thread 0x000002839e8db6a0 Unloading class 0x0000000800c07400 'java/lang/invoke/LambdaForm$MH+0x0000000800c07400'
Event: 354.003 Thread 0x000002839e8db6a0 Unloading class 0x0000000800c07000 'java/lang/invoke/LambdaForm$MH+0x0000000800c07000'
Event: 354.003 Thread 0x000002839e8db6a0 Unloading class 0x0000000800c06c00 'java/lang/invoke/LambdaForm$MH+0x0000000800c06c00'
Event: 354.003 Thread 0x000002839e8db6a0 Unloading class 0x0000000800c06800 'java/lang/invoke/LambdaForm$MH+0x0000000800c06800'
Event: 354.003 Thread 0x000002839e8db6a0 Unloading class 0x0000000800c06400 'java/lang/invoke/LambdaForm$MH+0x0000000800c06400'
Event: 354.003 Thread 0x000002839e8db6a0 Unloading class 0x0000000800c05000 'java/lang/invoke/LambdaForm$MH+0x0000000800c05000'
Event: 354.003 Thread 0x000002839e8db6a0 Unloading class 0x0000000800c04c00 'java/lang/invoke/LambdaForm$MH+0x0000000800c04c00'
Event: 354.003 Thread 0x000002839e8db6a0 Unloading class 0x0000000800c04400 'java/lang/invoke/LambdaForm$MH+0x0000000800c04400'
Event: 354.003 Thread 0x000002839e8db6a0 Unloading class 0x0000000800c03800 'java/lang/invoke/LambdaForm$MH+0x0000000800c03800'
Event: 354.003 Thread 0x000002839e8db6a0 Unloading class 0x0000000800c03000 'java/lang/invoke/LambdaForm$MH+0x0000000800c03000'
Event: 354.003 Thread 0x000002839e8db6a0 Unloading class 0x0000000800c02800 'java/lang/invoke/LambdaForm$MH+0x0000000800c02800'

Classes redefined (0 events):
No events

Internal exceptions (20 events):
Event: 4.268 Thread 0x0000028385e25b70 Exception <a 'java/lang/NoSuchMethodError'{0x0000000719424138}: 'long java.lang.invoke.DirectMethodHandle$Holder.invokeVirtual(java.lang.Object, java.lang.Object)'> (0x0000000719424138) 
thrown [s\open\src\hotspot\share\interpreter\linkResolver.cpp, line 759]
Event: 4.306 Thread 0x0000028385e25b70 Exception <a 'java/lang/IncompatibleClassChangeError'{0x0000000716169568}: Found class java.lang.Object, but interface was expected> (0x0000000716169568) 
thrown [s\open\src\hotspot\share\interpreter\linkResolver.cpp, line 826]
Event: 4.367 Thread 0x0000028385e25b70 Exception <a 'java/lang/NoSuchMethodError'{0x000000070e298c80}: 'void java.lang.invoke.DirectMethodHandle$Holder.invokeVirtual(java.lang.Object, java.lang.Object, int)'> (0x000000070e298c80) 
thrown [s\open\src\hotspot\share\interpreter\linkResolver.cpp, line 759]
Event: 4.483 Thread 0x0000028385e25b70 Exception <a 'java/lang/NoSuchMethodError'{0x000000070dde2f40}: 'int java.lang.invoke.Invokers$Holder.invokeExact_MT(java.lang.Object, java.lang.Object, java.lang.Object)'> (0x000000070dde2f40) 
thrown [s\open\src\hotspot\share\interpreter\linkResolver.cpp, line 759]
Event: 4.572 Thread 0x000002839f40d490 Exception <a 'java/lang/reflect/InvocationTargetException'{0x0000000711709f28}> (0x0000000711709f28) 
thrown [s\open\src\hotspot\share\runtime\reflection.cpp, line 1121]
Event: 4.671 Thread 0x0000028385e25b70 Exception <a 'java/lang/NoSuchMethodError'{0x0000000710f6b188}: 'void java.lang.invoke.DirectMethodHandle$Holder.invokeVirtual(java.lang.Object, java.lang.Object, long)'> (0x0000000710f6b188) 
thrown [s\open\src\hotspot\share\interpreter\linkResolver.cpp, line 759]
Event: 4.758 Thread 0x0000028385e25b70 Exception <a 'java/lang/IncompatibleClassChangeError'{0x000000071098dbe8}: Found class java.lang.Object, but interface was expected> (0x000000071098dbe8) 
thrown [s\open\src\hotspot\share\interpreter\linkResolver.cpp, line 826]
Event: 4.780 Thread 0x0000028385e25b70 Exception <a 'java/lang/NoSuchMethodError'{0x00000007107b5ca0}: 'int java.lang.invoke.DirectMethodHandle$Holder.invokeStaticInit(java.lang.Object, java.lang.Object, java.lang.Object, java.lang.Object)'> (0x00000007107b5ca0) 
thrown [s\open\src\hotspot\share\interpreter\linkResolver.cpp, line 759]
Event: 5.077 Thread 0x000002839f40d490 Exception <a 'java/lang/reflect/InvocationTargetException'{0x0000000711717188}> (0x0000000711717188) 
thrown [s\open\src\hotspot\share\runtime\reflection.cpp, line 1121]
Event: 5.581 Thread 0x000002839f40d490 Exception <a 'java/lang/reflect/InvocationTargetException'{0x0000000710245f98}> (0x0000000710245f98) 
thrown [s\open\src\hotspot\share\runtime\reflection.cpp, line 1121]
Event: 27.866 Thread 0x00000283a0d1c230 Exception <a 'java/lang/NoSuchMethodError'{0x000000070ee4b700}: 'java.lang.Object java.lang.invoke.DirectMethodHandle$Holder.invokeSpecial(java.lang.Object, java.lang.Object, java.lang.Object, java.lang.Object, java.lang.Object, long)'> (0x000000070ee4b700) 
thrown [s\open\src\hotspot\share\interpreter\linkResolver.cpp, line 759]
Event: 27.866 Thread 0x00000283a0d1c230 Exception <a 'java/lang/NoSuchMethodError'{0x000000070ee4f140}: 'java.lang.Object java.lang.invoke.Invokers$Holder.linkToTargetMethod(java.lang.Object, java.lang.Object, java.lang.Object, long, java.lang.Object)'> (0x000000070ee4f140) 
thrown [s\open\src\hotspot\share\interpreter\linkResolver.cpp, line 759]
Event: 28.138 Thread 0x00000283a0d1c230 Exception <a 'java/lang/NoSuchMethodError'{0x000000070fad45a8}: 'java.lang.Object java.lang.invoke.DirectMethodHandle$Holder.invokeStaticInit(java.lang.Object, java.lang.Object, java.lang.Object, java.lang.Object)'> (0x000000070fad45a8) 
thrown [s\open\src\hotspot\share\interpreter\linkResolver.cpp, line 759]
Event: 208.097 Thread 0x00000283a0d218d0 Exception <a 'java/lang/ClassNotFoundException'{0x000000070e784540}: sun/awt/resources/spi/awtProvider> (0x000000070e784540) 
thrown [s\open\src\hotspot\share\classfile\systemDictionary.cpp, line 256]
Event: 208.099 Thread 0x00000283a0d218d0 Exception <a 'java/io/FileNotFoundException'{0x000000070e78f7a0}> (0x000000070e78f7a0) 
thrown [s\open\src\hotspot\share\prims\jni.cpp, line 516]
Event: 208.099 Thread 0x00000283a0d218d0 Exception <a 'java/io/FileNotFoundException'{0x000000070e791358}> (0x000000070e791358) 
thrown [s\open\src\hotspot\share\prims\jni.cpp, line 516]
Event: 208.392 Thread 0x00000283a0d218d0 Exception <a 'java/lang/NoSuchMethodError'{0x00000007100226f8}: 'int java.lang.invoke.DirectMethodHandle$Holder.invokeStatic(java.lang.Object, java.lang.Object, int)'> (0x00000007100226f8) 
thrown [s\open\src\hotspot\share\interpreter\linkResolver.cpp, line 759]
Event: 353.825 Thread 0x00000283a0d1d0a0 Exception <a 'java/lang/reflect/InvocationTargetException'{0x0000000713ef1ec0}> (0x0000000713ef1ec0) 
thrown [s\open\src\hotspot\share\runtime\reflection.cpp, line 1121]
Event: 381.197 Thread 0x00000283a0d1c230 Exception <a 'java/lang/reflect/InvocationTargetException'{0x000000071738d4e0}> (0x000000071738d4e0) 
thrown [s\open\src\hotspot\share\runtime\reflection.cpp, line 1121]
Event: 396.002 Thread 0x00000283a0d1df10 Exception <a 'java/lang/reflect/InvocationTargetException'{0x00000007216158c8}> (0x00000007216158c8) 
thrown [s\open\src\hotspot\share\runtime\reflection.cpp, line 1121]

VM Operations (20 events):
Event: 391.698 Executing VM operation: Cleanup done
Event: 394.727 Executing VM operation: Cleanup
Event: 394.728 Executing VM operation: Cleanup done
Event: 396.105 Executing VM operation: G1CollectForAllocation
Event: 396.114 Executing VM operation: G1CollectForAllocation done
Event: 396.369 Executing VM operation: G1CollectForAllocation
Event: 396.375 Executing VM operation: G1CollectForAllocation done
Event: 396.635 Executing VM operation: G1CollectForAllocation
Event: 396.638 Executing VM operation: G1CollectForAllocation done
Event: 396.691 Executing VM operation: G1TryInitiateConcMark
Event: 396.695 Executing VM operation: G1TryInitiateConcMark done
Event: 396.712 Executing VM operation: G1TryInitiateConcMark
Event: 396.715 Executing VM operation: G1TryInitiateConcMark done
Event: 397.729 Executing VM operation: Cleanup
Event: 397.730 Executing VM operation: Cleanup done
Event: 400.746 Executing VM operation: Cleanup
Event: 400.746 Executing VM operation: Cleanup done
Event: 401.760 Executing VM operation: Cleanup
Event: 401.760 Executing VM operation: Cleanup done
Event: 401.975 Executing VM operation: G1CollectForAllocation

Events (20 events):
Event: 354.591 loading class java/awt/geom/AffineTransform
Event: 354.592 loading class java/awt/geom/AffineTransform done
Event: 357.497 Thread 0x00000283a34287b0 Thread exited: 0x00000283a34287b0
Event: 357.497 Thread 0x000002839f5f3a50 Thread exited: 0x000002839f5f3a50
Event: 358.601 Thread 0x00000283a1064130 Thread exited: 0x00000283a1064130
Event: 369.374 Thread 0x000002839f5f3a50 Thread added: 0x000002839f5f3a50
Event: 374.616 Thread 0x000002839f5f3a50 Thread exited: 0x000002839f5f3a50
Event: 381.871 Thread 0x00000283a10497c0 Thread added: 0x00000283a10497c0
Event: 394.193 Thread 0x00000283a10497c0 Thread exited: 0x00000283a10497c0
Event: 396.005 Thread 0x00000283a10497c0 Thread added: 0x00000283a10497c0
Event: 396.005 Thread 0x00000283a34c7750 Thread added: 0x00000283a34c7750
Event: 397.238 Thread 0x00000283a34c7750 Thread exited: 0x00000283a34c7750
Event: 397.239 Thread 0x00000283a34c7750 Thread added: 0x00000283a34c7750
Event: 397.240 Thread 0x00000283a3515cc0 Thread added: 0x00000283a3515cc0
Event: 400.615 Thread 0x00000283a3515cc0 Thread exited: 0x00000283a3515cc0
Event: 400.615 Thread 0x00000283a34c7750 Thread exited: 0x00000283a34c7750
Event: 400.615 Thread 0x00000283a3515cc0 Thread added: 0x00000283a3515cc0
Event: 400.616 Thread 0x00000283a34c7750 Thread added: 0x00000283a34c7750
Event: 401.708 Thread 0x00000283a34c7750 Thread exited: 0x00000283a34c7750
Event: 401.708 Thread 0x00000283a3515cc0 Thread exited: 0x00000283a3515cc0


Dynamic libraries:
0x00007ff7d2c40000 - 0x00007ff7d2c50000 	D:\JDK-17\bin\java.exe
0x00007ffea4d10000 - 0x00007ffea4f27000 	C:\WINDOWS\SYSTEM32\ntdll.dll
0x00007ffea2c10000 - 0x00007ffea2cd4000 	C:\WINDOWS\System32\KERNEL32.DLL
0x00007ffea24a0000 - 0x00007ffea2859000 	C:\WINDOWS\System32\KERNELBASE.dll
0x00007ffea2860000 - 0x00007ffea2971000 	C:\WINDOWS\System32\ucrtbase.dll
0x00007ffe99980000 - 0x00007ffe99998000 	D:\JDK-17\bin\jli.dll
0x00007ffe996a0000 - 0x00007ffe996ba000 	D:\JDK-17\bin\VCRUNTIME140.dll
0x00007ffea3010000 - 0x00007ffea30c2000 	C:\WINDOWS\System32\ADVAPI32.dll
0x00007ffea4480000 - 0x00007ffea4527000 	C:\WINDOWS\System32\msvcrt.dll
0x00007ffea36a0000 - 0x00007ffea3747000 	C:\WINDOWS\System32\sechost.dll
0x00007ffea20b0000 - 0x00007ffea20d8000 	C:\WINDOWS\System32\bcrypt.dll
0x00007ffea2ce0000 - 0x00007ffea2df4000 	C:\WINDOWS\System32\RPCRT4.dll
0x00007ffea2a60000 - 0x00007ffea2c0e000 	C:\WINDOWS\System32\USER32.dll
0x00007ffe877b0000 - 0x00007ffe87a42000 	C:\WINDOWS\WinSxS\amd64_microsoft.windows.common-controls_6595b64144ccf1df_6.0.22621.4391_none_2715d37f73803e96\COMCTL32.dll
0x00007ffea2980000 - 0x00007ffea29a6000 	C:\WINDOWS\System32\win32u.dll
0x00007ffea2a30000 - 0x00007ffea2a59000 	C:\WINDOWS\System32\GDI32.dll
0x00007ffea2150000 - 0x00007ffea226b000 	C:\WINDOWS\System32\gdi32full.dll
0x00007ffea2010000 - 0x00007ffea20aa000 	C:\WINDOWS\System32\msvcp_win.dll
0x00007ffe98630000 - 0x00007ffe9863a000 	C:\WINDOWS\SYSTEM32\VERSION.dll
0x00007ffea42b0000 - 0x00007ffea42e1000 	C:\WINDOWS\System32\IMM32.DLL
0x00007ffe99a90000 - 0x00007ffe99a9c000 	D:\JDK-17\bin\vcruntime140_1.dll
0x00007ffe862c0000 - 0x00007ffe8634d000 	D:\JDK-17\bin\msvcp140.dll
0x00007ffe61170000 - 0x00007ffe61d32000 	D:\JDK-17\bin\server\jvm.dll
0x00007ffea3750000 - 0x00007ffea3758000 	C:\WINDOWS\System32\PSAPI.DLL
0x00007ffe9fc40000 - 0x00007ffe9fc74000 	C:\WINDOWS\SYSTEM32\WINMM.dll
0x00007ffe88830000 - 0x00007ffe88839000 	C:\WINDOWS\SYSTEM32\WSOCK32.dll
0x00007ffea4400000 - 0x00007ffea4471000 	C:\WINDOWS\System32\WS2_32.dll
0x00007ffea1050000 - 0x00007ffea1068000 	C:\WINDOWS\SYSTEM32\kernel.appcore.dll
0x00007ffe99680000 - 0x00007ffe9968a000 	D:\JDK-17\bin\jimage.dll
0x00007ffe9f630000 - 0x00007ffe9f862000 	C:\WINDOWS\SYSTEM32\DBGHELP.DLL
0x00007ffea32d0000 - 0x00007ffea365f000 	C:\WINDOWS\System32\combase.dll
0x00007ffea4a40000 - 0x00007ffea4b17000 	C:\WINDOWS\System32\OLEAUT32.dll
0x00007ffe99fb0000 - 0x00007ffe99fe2000 	C:\WINDOWS\SYSTEM32\dbgcore.DLL
0x00007ffea29b0000 - 0x00007ffea2a2b000 	C:\WINDOWS\System32\bcryptPrimitives.dll
0x00007ffe98a70000 - 0x00007ffe98a7e000 	D:\JDK-17\bin\instrument.dll
0x00007ffe91f10000 - 0x00007ffe91f35000 	D:\JDK-17\bin\java.dll
0x00007ffe861e0000 - 0x00007ffe862b6000 	D:\JDK-17\bin\jsvml.dll
0x00007ffea3a30000 - 0x00007ffea42a6000 	C:\WINDOWS\System32\SHELL32.dll
0x00007ffe9ff50000 - 0x00007ffea0853000 	C:\WINDOWS\SYSTEM32\windows.storage.dll
0x00007ffe9fe10000 - 0x00007ffe9ff4f000 	C:\WINDOWS\SYSTEM32\wintypes.dll
0x00007ffea42f0000 - 0x00007ffea43e9000 	C:\WINDOWS\System32\SHCORE.dll
0x00007ffea30d0000 - 0x00007ffea312e000 	C:\WINDOWS\System32\shlwapi.dll
0x00007ffea1f40000 - 0x00007ffea1f6b000 	C:\WINDOWS\SYSTEM32\profapi.dll
0x00007ffe917d0000 - 0x00007ffe917e8000 	D:\JDK-17\bin\zip.dll
0x00007ffe99620000 - 0x00007ffe99639000 	D:\JDK-17\bin\net.dll
0x00007ffe9b7f0000 - 0x00007ffe9b926000 	C:\WINDOWS\SYSTEM32\WINHTTP.dll
0x00007ffea14d0000 - 0x00007ffea1539000 	C:\WINDOWS\system32\mswsock.dll
0x00007ffe98ab0000 - 0x00007ffe98ac6000 	D:\JDK-17\bin\nio.dll
0x00007ffe91f50000 - 0x00007ffe91f6a000 	D:\IDEA\IntelliJ IDEA 2022.2\bin\breakgen64.dll
0x00007ffea0b30000 - 0x00007ffea0c32000 	C:\WINDOWS\SYSTEM32\DNSAPI.dll
0x00007ffea0b00000 - 0x00007ffea0b2d000 	C:\WINDOWS\SYSTEM32\IPHLPAPI.DLL
0x00007ffea32c0000 - 0x00007ffea32c9000 	C:\WINDOWS\System32\NSI.dll
0x00007ffe9a270000 - 0x00007ffe9a27a000 	C:\Windows\System32\rasadhlp.dll
0x00007ffe9a800000 - 0x00007ffe9a883000 	C:\WINDOWS\System32\fwpuclnt.dll
0x00007ffe97a10000 - 0x00007ffe97a19000 	D:\JDK-17\bin\management.dll
0x00007ffe946b0000 - 0x00007ffe946bb000 	D:\JDK-17\bin\management_ext.dll
0x00007ffea1720000 - 0x00007ffea173b000 	C:\WINDOWS\SYSTEM32\CRYPTSP.dll
0x00007ffea0fb0000 - 0x00007ffea0fe5000 	C:\WINDOWS\system32\rsaenh.dll
0x00007ffea15c0000 - 0x00007ffea15e8000 	C:\WINDOWS\SYSTEM32\USERENV.dll
0x00007ffea1740000 - 0x00007ffea174c000 	C:\WINDOWS\SYSTEM32\CRYPTBASE.dll
0x00007ffe9b630000 - 0x00007ffe9b649000 	C:\WINDOWS\SYSTEM32\dhcpcsvc6.DLL
0x00007ffe9b610000 - 0x00007ffe9b62f000 	C:\WINDOWS\SYSTEM32\dhcpcsvc.DLL
0x00007ffe812a0000 - 0x00007ffe812b7000 	C:\WINDOWS\system32\napinsp.dll
0x00007ffe811c0000 - 0x00007ffe811db000 	C:\WINDOWS\system32\pnrpnsp.dll
0x00007ffe80dd0000 - 0x00007ffe80de1000 	C:\WINDOWS\System32\winrnr.dll
0x00007ffe9c2d0000 - 0x00007ffe9c2e5000 	C:\WINDOWS\system32\wshbth.dll
0x00007ffe80d80000 - 0x00007ffe80da7000 	C:\WINDOWS\system32\nlansp_c.dll
0x00007ffe990b0000 - 0x00007ffe990c0000 	D:\JDK-17\bin\verify.dll
0x00007ffe942a0000 - 0x00007ffe942ae000 	D:\JDK-17\bin\sunmscapi.dll
0x00007ffea2330000 - 0x00007ffea2496000 	C:\WINDOWS\System32\CRYPT32.dll
0x00007ffea18e0000 - 0x00007ffea190d000 	C:\WINDOWS\SYSTEM32\ncrypt.dll
0x00007ffea18a0000 - 0x00007ffea18d7000 	C:\WINDOWS\SYSTEM32\NTASN1.dll
0x00007ffe800c0000 - 0x00007ffe800c8000 	C:\WINDOWS\system32\wshunix.dll
0x00007ffe37000000 - 0x00007ffe3718f000 	D:\JDK-17\bin\awt.dll
0x00007ffe99360000 - 0x00007ffe993f7000 	C:\WINDOWS\SYSTEM32\apphelp.dll

dbghelp: loaded successfully - version: 4.0.5 - missing functions: none
symbol engine: initialized successfully - sym options: 0x614 - pdb path: .;D:\JDK-17\bin;C:\WINDOWS\SYSTEM32;C:\WINDOWS\WinSxS\amd64_microsoft.windows.common-controls_6595b64144ccf1df_6.0.22621.4391_none_2715d37f73803e96;D:\JDK-17\bin\server;D:\IDEA\IntelliJ IDEA 2022.2\bin

VM Arguments:
jvm_args: -XX:TieredStopAtLevel=1 -Dspring.output.ansi.enabled=always -Dcom.sun.management.jmxremote -Dspring.jmx.enabled=true -Dspring.liveBeansView.mbeanDomain -Dspring.application.admin.enabled=true -javaagent:D:\IDEA\IntelliJ IDEA 2022.2\lib\idea_rt.jar=59665:D:\IDEA\IntelliJ IDEA 2022.2\bin -Dfile.encoding=UTF-8 
java_command: com.website.ArticleApplication
java_class_path (initial): C:\Users\g'pai\Desktop\website\back\articleModule\target\classes;C:\Users\g'pai\.m2\repository\org\springframework\boot\spring-boot-starter-web\3.0.6\spring-boot-starter-web-3.0.6.jar;C:\Users\g'pai\.m2\repository\org\springframework\boot\spring-boot-starter\3.0.6\spring-boot-starter-3.0.6.jar;C:\Users\g'pai\.m2\repository\org\springframework\boot\spring-boot\3.0.6\spring-boot-3.0.6.jar;C:\Users\g'pai\.m2\repository\org\springframework\boot\spring-boot-autoconfigure\3.0.6\spring-boot-autoconfigure-3.0.6.jar;C:\Users\g'pai\.m2\repository\org\springframework\boot\spring-boot-starter-logging\3.0.6\spring-boot-starter-logging-3.0.6.jar;C:\Users\g'pai\.m2\repository\ch\qos\logback\logback-classic\1.4.7\logback-classic-1.4.7.jar;C:\Users\g'pai\.m2\repository\ch\qos\logback\logback-core\1.4.7\logback-core-1.4.7.jar;C:\Users\g'pai\.m2\repository\org\apache\logging\log4j\log4j-to-slf4j\2.19.0\log4j-to-slf4j-2.19.0.jar;C:\Users\g'pai\.m2\repository\org\apache\logging\log4j\log4j-api\2.19.0\log4j-api-2.19.0.jar;C:\Users\g'pai\.m2\repository\org\slf4j\jul-to-slf4j\2.0.7\jul-to-slf4j-2.0.7.jar;C:\Users\g'pai\.m2\repository\jakarta\annotation\jakarta.annotation-api\2.1.1\jakarta.annotation-api-2.1.1.jar;C:\Users\g'pai\.m2\repository\org\yaml\snakeyaml\1.33\snakeyaml-1.33.jar;C:\Users\g'pai\.m2\repository\org\springframework\boot\spring-boot-starter-json\3.0.6\spring-boot-starter-json-3.0.6.jar;C:\Users\g'pai\.m2\repository\com\fasterxml\jackson\datatype\jackson-datatype-jdk8\2.14.2\jackson-datatype-jdk8-2.14.2.jar;C:\Users\g'pai\.m2\repository\com\fasterxml\jackson\datatype\jackson-datatype-jsr310\2.14.2\jackson-datatype-jsr310-2.14.2.jar;C:\Users\g'pai\.m2\repository\com\fasterxml\jackson\module\jackson-module-parameter-names\2.14.2\jackson-module-parameter-names-2.14.2.jar;C:\Users\g'pai\.m2\repository\org\springframework\boot\spring-boot-starter-tomcat\3.0.6\spring-boot-starter-tomcat-3.0.6.jar;C:\Users\g'pai\.m2\repository\org\apache\tomcat\embed\
Launcher Type: SUN_STANDARD

[Global flags]
     intx CICompilerCount                          = 4                                         {product} {ergonomic}
     uint ConcGCThreads                            = 3                                         {product} {ergonomic}
     uint G1ConcRefinementThreads                  = 10                                        {product} {ergonomic}
   size_t G1HeapRegionSize                         = 2097152                                   {product} {ergonomic}
    uintx GCDrainStackTargetSize                   = 64                                        {product} {ergonomic}
   size_t InitialHeapSize                          = 257949696                                 {product} {ergonomic}
     bool ManagementServer                         = true                                      {product} {command line}
   size_t MarkStackSize                            = 4194304                                   {product} {ergonomic}
   size_t MaxHeapSize                              = 4127195136                                {product} {ergonomic}
   size_t MaxNewSize                               = 2474639360                                {product} {ergonomic}
   size_t MinHeapDeltaBytes                        = 2097152                                   {product} {ergonomic}
   size_t MinHeapSize                              = 8388608                                   {product} {ergonomic}
    uintx NonProfiledCodeHeapSize                  = 0                                      {pd product} {ergonomic}
     bool ProfileInterpreter                       = false                                  {pd product} {command line}
    uintx ProfiledCodeHeapSize                     = 0                                      {pd product} {ergonomic}
   size_t SoftMaxHeapSize                          = 4127195136                             {manageable} {ergonomic}
     intx TieredStopAtLevel                        = 1                                         {product} {command line}
     bool UseCompressedClassPointers               = true                           {product lp64_product} {ergonomic}
     bool UseCompressedOops                        = true                           {product lp64_product} {ergonomic}
     bool UseG1GC                                  = true                                      {product} {ergonomic}
     bool UseLargePagesIndividualAllocation        = false                                  {pd product} {ergonomic}

Logging:
Log output configuration:
 #0: stdout all=warning uptime,level,tags
 #1: stderr all=off uptime,level,tags

Environment Variables:
JAVA_HOME=D:\jdk8
PATH=D:\Python\3.12.4\Scripts\;D:\Python\3.12.4\;D:\VMwarePro\bin\;C:\WINDOWS\system32;C:\WINDOWS;C:\WINDOWS\System32\Wbem;C:\WINDOWS\System32\WindowsPowerShell\v1.0\;C:\WINDOWS\System32\OpenSSH\;D:\GIT\Git\bin;D:\GIT\Git\cmd\;D:\jdk8\bin\;D:\jdk8\jre\bin\;D:\jdk8\lib\;D:\hadoop-3.4.0\bin\;D:\hadoop-3.4.0\sbin\;D:\hadoop-3.4.0\lib\;C:\ProgramData\chocolatey\bin;D:\node\;D:\mysql\mysql-5.7.19-winx64\bin;D:\GIT\Git\bin;D:\mysql\mysql-5.7.19-winx64\bin\;C:\Users\g'pai\AppData\Local\Microsoft\WindowsApps;D:\pycharmP\PyCharm 2024.1.6\bin;;C:\Users\g'pai\AppData\Local\Programs\Microsoft VS Code\bin;C:\Users\g'pai\AppData\Roaming\npm;D:\latex\official\miktex\miktex\bin\x64\;
USERNAME=g'pai
OS=Windows_NT
PROCESSOR_IDENTIFIER=AMD64 Family 23 Model 96 Stepping 1, AuthenticAMD



---------------  S Y S T E M  ---------------

OS:
 Windows 11 , 64 bit Build 22621 (10.0.22621.4391)
OS uptime: 28 days 12:14 hours

CPU: total 12 (initial active 12) (12 cores per cpu, 2 threads per core) family 23 model 96 stepping 1 microcode 0x0, cx8, cmov, fxsr, ht, mmx, 3dnowpref, sse, sse2, sse3, ssse3, sse4a, sse4.1, sse4.2, popcnt, lzcnt, tsc, tscinvbit, avx, avx2, aes, clmul, bmi1, bmi2, adx, sha, fma, vzeroupper, clflush, clflushopt

Memory: 4k page, system-wide physical 15741M (1442M free)
TotalPageFile size 31101M (AvailPageFile size 136M)
current process WorkingSet (physical memory assigned to process): 612M, peak: 612M
current process commit charge ("private bytes"): 1140M, peak: 1148M

vm_info: Java HotSpot(TM) 64-Bit Server VM (17.0.4.1+1-LTS-2) for windows-amd64 JRE (17.0.4.1+1-LTS-2), built on Aug 16 2022 18:32:06 by "mach5one" with MS VC++ 16.8 / 16.9 (VS2019)

END.
